[2020-06-20 00:00:17] [handle_log.py] [lineno:46] [leve:INFO] [message:======输入的邮箱地址位：1213======]
[2020-06-20 00:00:17] [handle_log.py] [lineno:46] [leve:INFO] [message:======定位方式：id定位值：register_email======]
[2020-06-20 00:00:18] [handle_log.py] [lineno:46] [leve:INFO] [message:======点击'注册'按钮======]
[2020-06-20 00:00:18] [handle_log.py] [lineno:46] [leve:INFO] [message:======定位方式：id定位值：register-btn======]
[2020-06-20 00:00:18] [handle_log.py] [lineno:46] [leve:INFO] [message:======定位方式：id定位值：register_email-error======]
[2020-06-20 00:00:18] [handle_log.py] [lineno:46] [leve:INFO] [message:======error_message:--->user_email_error,error_msg_text--->请输入有效的电子邮件地址======]
[2020-06-20 00:15:27] [handle_log.py] [lineno:47] [leve:INFO] [message:======test======]
[2020-06-20 00:15:27] [handle_log.py] [lineno:47] [leve:INFO] [message:======test======]
[2020-06-20 00:21:25] [handle_log.py] [lineno:47] [leve:INFO] [message:======test======]
[2020-06-20 00:21:25] [handle_log.py] [lineno:47] [leve:INFO] [message:======test======]
[2020-06-20 00:21:25] [handle_log.py] [lineno:83] [leve:INFO] [message:test1]
[2020-06-20 00:21:25] [handle_log.py] [lineno:83] [leve:INFO] [message:test1]
[2020-06-20 00:23:15] [handle_log.py] [lineno:53] [leve:INFO] [message:======定位方式：id定位值：register_nickname======]
[2020-06-20 00:23:15] [register_page.py] [lineno:106] [leve:INFO] [message:test]
[2020-06-20 00:54:10] [handle_register.py] [lineno:24] [leve:INFO] [message:输入的邮箱地址位：1@1.com]
[2020-06-20 00:55:38] [handle_register.py] [lineno:24] [leve:INFO] [message:输入的邮箱地址位：1@1.com]
[2020-06-20 12:49:42] [handle_register.py] [lineno:24] [leve:INFO] [message:输入的邮箱地址位：1@1.com]
[2020-06-20 12:49:42] [find_element.py] [lineno:29] [leve:INFO] [message:定位方式：id定位值：register_email]
[2020-06-20 12:49:43] [handle_register.py] [lineno:33] [leve:INFO] [message:输入的username为：qywdzh]
[2020-06-20 12:49:43] [find_element.py] [lineno:29] [leve:INFO] [message:定位方式：id定位值：register_nickname]
[2020-06-20 12:49:43] [handle_register.py] [lineno:42] [leve:INFO] [message:输入的password为：123456]
[2020-06-20 12:49:43] [find_element.py] [lineno:29] [leve:INFO] [message:定位方式：id定位值：register_password]
[2020-06-20 12:49:43] [handle_register.py] [lineno:51] [leve:INFO] [message:图像验证码为：78778]
[2020-06-20 12:49:43] [find_element.py] [lineno:29] [leve:INFO] [message:定位方式：id定位值：captcha_code]
[2020-06-20 12:52:56] [handle_register.py] [lineno:24] [leve:INFO] [message:输入的邮箱地址位：1@1.com]
[2020-06-20 12:52:56] [find_element.py] [lineno:29] [leve:INFO] [message:定位方式：id定位值：register_email]
[2020-06-20 12:52:56] [handle_register.py] [lineno:33] [leve:INFO] [message:输入的username为：qywdzh]
[2020-06-20 12:52:56] [find_element.py] [lineno:29] [leve:INFO] [message:定位方式：id定位值：register_nickname]
[2020-06-20 12:52:56] [handle_register.py] [lineno:42] [leve:INFO] [message:输入的password为：123456]
[2020-06-20 12:52:56] [find_element.py] [lineno:29] [leve:INFO] [message:定位方式：id定位值：register_password]
[2020-06-20 12:52:56] [handle_register.py] [lineno:51] [leve:INFO] [message:图像验证码为：78778]
[2020-06-20 12:52:56] [find_element.py] [lineno:29] [leve:INFO] [message:定位方式：id定位值：captcha_code]
[2020-06-20 13:03:56] [handle_register.py] [lineno:24] [leve:INFO] [message:输入的邮箱地址位：1@1.com]
[2020-06-20 13:03:56] [find_element.py] [lineno:29] [leve:INFO] [message:定位方式：id定位值：register_email]
[2020-06-20 13:03:56] [handle_register.py] [lineno:33] [leve:INFO] [message:输入的username为：qywdzh]
[2020-06-20 13:03:56] [find_element.py] [lineno:29] [leve:INFO] [message:定位方式：id定位值：register_nickname]
[2020-06-20 13:03:56] [handle_register.py] [lineno:42] [leve:INFO] [message:输入的password为：123456]
[2020-06-20 13:03:57] [find_element.py] [lineno:29] [leve:INFO] [message:定位方式：id定位值：register_password]
[2020-06-20 13:03:57] [handle_register.py] [lineno:51] [leve:INFO] [message:图像验证码为：78778]
[2020-06-20 13:03:57] [find_element.py] [lineno:29] [leve:INFO] [message:定位方式：id定位值：captcha_code]
[2020-06-20 13:03:57] [handle_register.py] [lineno:59] [leve:INFO] [message:点击'注册'按钮]
[2020-06-20 13:03:57] [find_element.py] [lineno:29] [leve:INFO] [message:定位方式：id定位值：register-btn]
[2020-06-20 13:03:57] [find_element.py] [lineno:29] [leve:INFO] [message:定位方式：id定位值：captcha_code-error]
[2020-06-20 13:05:09] [handle_register.py] [lineno:24] [leve:INFO] [message:输入的邮箱地址位：1@1.com]
[2020-06-20 14:08:34] [handle_register.py] [lineno:24] [leve:INFO] [message:输入的邮箱地址位：]
[2020-06-20 14:08:34] [find_element.py] [lineno:29] [leve:INFO] [message:定位方式：id定位值：register_email]
[2020-06-20 14:08:34] [handle_register.py] [lineno:33] [leve:INFO] [message:输入的username为：qywdzh]
[2020-06-20 14:08:34] [find_element.py] [lineno:29] [leve:INFO] [message:定位方式：id定位值：register_nickname]
[2020-06-20 14:08:34] [handle_register.py] [lineno:42] [leve:INFO] [message:输入的password为：123456]
[2020-06-20 14:08:34] [find_element.py] [lineno:29] [leve:INFO] [message:定位方式：id定位值：register_password]
[2020-06-20 14:08:34] [handle_register.py] [lineno:51] [leve:INFO] [message:图像验证码为：78778]
[2020-06-20 14:08:34] [find_element.py] [lineno:29] [leve:INFO] [message:定位方式：id定位值：captcha_code]
[2020-06-20 14:08:34] [handle_register.py] [lineno:59] [leve:INFO] [message:点击'注册'按钮]
[2020-06-20 14:08:34] [find_element.py] [lineno:29] [leve:INFO] [message:定位方式：id定位值：register-btn]
[2020-06-20 14:08:35] [find_element.py] [lineno:29] [leve:INFO] [message:定位方式：id定位值：register_email-error]
[2020-06-20 14:08:54] [handle_register.py] [lineno:24] [leve:INFO] [message:输入的邮箱地址位：1@1.com]
[2020-06-20 14:08:54] [find_element.py] [lineno:29] [leve:INFO] [message:定位方式：id定位值：register_email]
[2020-06-20 14:08:54] [handle_register.py] [lineno:33] [leve:INFO] [message:输入的username为：qywdzh]
[2020-06-20 14:08:54] [find_element.py] [lineno:29] [leve:INFO] [message:定位方式：id定位值：register_nickname]
[2020-06-20 14:08:54] [handle_register.py] [lineno:42] [leve:INFO] [message:输入的password为：123456]
[2020-06-20 14:08:54] [find_element.py] [lineno:29] [leve:INFO] [message:定位方式：id定位值：register_password]
[2020-06-20 14:08:55] [handle_register.py] [lineno:51] [leve:INFO] [message:图像验证码为：78778]
[2020-06-20 14:08:55] [find_element.py] [lineno:29] [leve:INFO] [message:定位方式：id定位值：captcha_code]
[2020-06-20 14:08:55] [handle_register.py] [lineno:59] [leve:INFO] [message:点击'注册'按钮]
[2020-06-20 14:08:55] [find_element.py] [lineno:29] [leve:INFO] [message:定位方式：id定位值：register-btn]
[2020-06-20 14:08:55] [find_element.py] [lineno:29] [leve:INFO] [message:定位方式：id定位值：captcha_code-error]
[2020-06-20 14:09:14] [handle_register.py] [lineno:24] [leve:INFO] [message:输入的邮箱地址位：1@1.com]
[2020-06-20 14:09:14] [find_element.py] [lineno:29] [leve:INFO] [message:定位方式：id定位值：register_email]
[2020-06-20 14:09:14] [handle_register.py] [lineno:33] [leve:INFO] [message:输入的username为：qywdzh]
[2020-06-20 14:09:14] [find_element.py] [lineno:29] [leve:INFO] [message:定位方式：id定位值：register_nickname]
[2020-06-20 14:09:14] [handle_register.py] [lineno:42] [leve:INFO] [message:输入的password为：123456]
[2020-06-20 14:09:14] [find_element.py] [lineno:29] [leve:INFO] [message:定位方式：id定位值：register_password]
[2020-06-20 14:09:14] [handle_register.py] [lineno:51] [leve:INFO] [message:图像验证码为：78778]
[2020-06-20 14:09:14] [find_element.py] [lineno:29] [leve:INFO] [message:定位方式：id定位值：captcha_code]
[2020-06-20 14:09:15] [handle_register.py] [lineno:59] [leve:INFO] [message:点击'注册'按钮]
[2020-06-20 14:09:15] [find_element.py] [lineno:29] [leve:INFO] [message:定位方式：id定位值：register-btn]
[2020-06-20 14:09:15] [find_element.py] [lineno:29] [leve:INFO] [message:定位方式：id定位值：captcha_code-error]
[2020-06-20 14:09:34] [handle_register.py] [lineno:24] [leve:INFO] [message:输入的邮箱地址位：1@1.com]
[2020-06-20 14:09:34] [find_element.py] [lineno:29] [leve:INFO] [message:定位方式：id定位值：register_email]
[2020-06-20 14:09:34] [handle_register.py] [lineno:33] [leve:INFO] [message:输入的username为：]
[2020-06-20 14:09:34] [find_element.py] [lineno:29] [leve:INFO] [message:定位方式：id定位值：register_nickname]
[2020-06-20 14:09:35] [handle_register.py] [lineno:42] [leve:INFO] [message:输入的password为：123456]
[2020-06-20 14:09:35] [find_element.py] [lineno:29] [leve:INFO] [message:定位方式：id定位值：register_password]
[2020-06-20 14:09:35] [handle_register.py] [lineno:51] [leve:INFO] [message:图像验证码为：78778]
[2020-06-20 14:09:35] [find_element.py] [lineno:29] [leve:INFO] [message:定位方式：id定位值：captcha_code]
[2020-06-20 14:09:35] [handle_register.py] [lineno:59] [leve:INFO] [message:点击'注册'按钮]
[2020-06-20 14:09:35] [find_element.py] [lineno:29] [leve:INFO] [message:定位方式：id定位值：register-btn]
[2020-06-20 14:09:35] [find_element.py] [lineno:29] [leve:INFO] [message:定位方式：id定位值：register_nickname-error]
