[2020-06-22 23:44:39] [handle_register.py] [lineno:24] [leve:INFO] [message:输入的邮箱地址位：]
[2020-06-22 23:44:39] [find_element.py] [lineno:29] [leve:INFO] [message:定位方式：id定位值：register_email]
[2020-06-22 23:44:40] [handle_register.py] [lineno:33] [leve:INFO] [message:输入的username为：qywdzh]
[2020-06-22 23:44:40] [find_element.py] [lineno:29] [leve:INFO] [message:定位方式：id定位值：register_nickname]
[2020-06-22 23:44:40] [handle_register.py] [lineno:42] [leve:INFO] [message:输入的password为：123456]
[2020-06-22 23:44:40] [find_element.py] [lineno:29] [leve:INFO] [message:定位方式：id定位值：register_password]
[2020-06-22 23:44:40] [handle_register.py] [lineno:51] [leve:INFO] [message:图像验证码为：78778]
[2020-06-22 23:44:40] [find_element.py] [lineno:29] [leve:INFO] [message:定位方式：id定位值：captcha_code]
[2020-06-22 23:44:41] [handle_register.py] [lineno:59] [leve:INFO] [message:点击'注册'按钮]
[2020-06-22 23:44:41] [find_element.py] [lineno:29] [leve:INFO] [message:定位方式：id定位值：register-btn]
[2020-06-22 23:44:41] [find_element.py] [lineno:29] [leve:INFO] [message:定位方式：id定位值：register_email-error]
[2020-06-22 23:44:59] [handle_register.py] [lineno:24] [leve:INFO] [message:输入的邮箱地址位：1@1.com]
[2020-06-22 23:44:59] [find_element.py] [lineno:29] [leve:INFO] [message:定位方式：id定位值：register_email]
[2020-06-22 23:45:00] [handle_register.py] [lineno:33] [leve:INFO] [message:输入的username为：qywdzh]
[2020-06-22 23:45:00] [find_element.py] [lineno:29] [leve:INFO] [message:定位方式：id定位值：register_nickname]
[2020-06-22 23:45:00] [handle_register.py] [lineno:42] [leve:INFO] [message:输入的password为：123456]
[2020-06-22 23:45:00] [find_element.py] [lineno:29] [leve:INFO] [message:定位方式：id定位值：register_password]
[2020-06-22 23:45:00] [handle_register.py] [lineno:51] [leve:INFO] [message:图像验证码为：78778]
[2020-06-22 23:45:00] [find_element.py] [lineno:29] [leve:INFO] [message:定位方式：id定位值：captcha_code]
[2020-06-22 23:45:01] [handle_register.py] [lineno:59] [leve:INFO] [message:点击'注册'按钮]
[2020-06-22 23:45:01] [find_element.py] [lineno:29] [leve:INFO] [message:定位方式：id定位值：register-btn]
[2020-06-22 23:45:01] [find_element.py] [lineno:29] [leve:INFO] [message:定位方式：id定位值：captcha_code-error]
[2020-06-22 23:45:20] [handle_register.py] [lineno:24] [leve:INFO] [message:输入的邮箱地址位：1@1.com]
[2020-06-22 23:45:20] [find_element.py] [lineno:29] [leve:INFO] [message:定位方式：id定位值：register_email]
[2020-06-22 23:45:20] [handle_register.py] [lineno:33] [leve:INFO] [message:输入的username为：qywdzh]
[2020-06-22 23:45:20] [find_element.py] [lineno:29] [leve:INFO] [message:定位方式：id定位值：register_nickname]
[2020-06-22 23:45:21] [handle_register.py] [lineno:42] [leve:INFO] [message:输入的password为：123456]
[2020-06-22 23:45:21] [find_element.py] [lineno:29] [leve:INFO] [message:定位方式：id定位值：register_password]
[2020-06-22 23:45:21] [handle_register.py] [lineno:51] [leve:INFO] [message:图像验证码为：78778]
[2020-06-22 23:45:21] [find_element.py] [lineno:29] [leve:INFO] [message:定位方式：id定位值：captcha_code]
[2020-06-22 23:45:21] [handle_register.py] [lineno:59] [leve:INFO] [message:点击'注册'按钮]
[2020-06-22 23:45:21] [find_element.py] [lineno:29] [leve:INFO] [message:定位方式：id定位值：register-btn]
[2020-06-22 23:45:22] [find_element.py] [lineno:29] [leve:INFO] [message:定位方式：id定位值：captcha_code-error]
[2020-06-22 23:45:40] [handle_register.py] [lineno:24] [leve:INFO] [message:输入的邮箱地址位：1@1.com]
[2020-06-22 23:45:40] [find_element.py] [lineno:29] [leve:INFO] [message:定位方式：id定位值：register_email]
[2020-06-22 23:45:40] [handle_register.py] [lineno:33] [leve:INFO] [message:输入的username为：]
[2020-06-22 23:45:40] [find_element.py] [lineno:29] [leve:INFO] [message:定位方式：id定位值：register_nickname]
[2020-06-22 23:45:41] [handle_register.py] [lineno:42] [leve:INFO] [message:输入的password为：123456]
[2020-06-22 23:45:41] [find_element.py] [lineno:29] [leve:INFO] [message:定位方式：id定位值：register_password]
[2020-06-22 23:45:41] [handle_register.py] [lineno:51] [leve:INFO] [message:图像验证码为：78778]
[2020-06-22 23:45:41] [find_element.py] [lineno:29] [leve:INFO] [message:定位方式：id定位值：captcha_code]
[2020-06-22 23:45:41] [handle_register.py] [lineno:59] [leve:INFO] [message:点击'注册'按钮]
[2020-06-22 23:45:41] [find_element.py] [lineno:29] [leve:INFO] [message:定位方式：id定位值：register-btn]
[2020-06-22 23:45:41] [find_element.py] [lineno:29] [leve:INFO] [message:定位方式：id定位值：register_nickname-error]
