[2020-06-26 00:01:51] [handle_register.py] [lineno:24] [leve:INFO] [message:输入的邮箱地址位：]
[2020-06-26 00:01:51] [find_element.py] [lineno:29] [leve:INFO] [message:定位方式：id定位值：register_email]
[2020-06-26 00:01:51] [handle_register.py] [lineno:33] [leve:INFO] [message:输入的username为：qywdzh]
[2020-06-26 00:01:51] [find_element.py] [lineno:29] [leve:INFO] [message:定位方式：id定位值：register_nickname]
[2020-06-26 00:01:51] [handle_register.py] [lineno:42] [leve:INFO] [message:输入的password为：123456]
[2020-06-26 00:01:51] [find_element.py] [lineno:29] [leve:INFO] [message:定位方式：id定位值：register_password]
[2020-06-26 00:01:51] [handle_register.py] [lineno:51] [leve:INFO] [message:图像验证码为：78778]
[2020-06-26 00:01:51] [find_element.py] [lineno:29] [leve:INFO] [message:定位方式：id定位值：captcha_code]
[2020-06-26 00:01:52] [handle_register.py] [lineno:59] [leve:INFO] [message:点击'注册'按钮]
[2020-06-26 00:01:52] [find_element.py] [lineno:29] [leve:INFO] [message:定位方式：id定位值：register-btn]
[2020-06-26 00:01:52] [find_element.py] [lineno:29] [leve:INFO] [message:定位方式：id定位值：captcha_code-error]
[2020-06-26 00:02:05] [handle_register.py] [lineno:24] [leve:INFO] [message:输入的邮箱地址位：1@1.com]
[2020-06-26 00:02:05] [find_element.py] [lineno:29] [leve:INFO] [message:定位方式：id定位值：register_email]
[2020-06-26 00:02:05] [handle_register.py] [lineno:33] [leve:INFO] [message:输入的username为：qywdzh]
[2020-06-26 00:02:05] [find_element.py] [lineno:29] [leve:INFO] [message:定位方式：id定位值：register_nickname]
[2020-06-26 00:02:05] [handle_register.py] [lineno:42] [leve:INFO] [message:输入的password为：123456]
[2020-06-26 00:02:05] [find_element.py] [lineno:29] [leve:INFO] [message:定位方式：id定位值：register_password]
[2020-06-26 00:02:05] [handle_register.py] [lineno:51] [leve:INFO] [message:图像验证码为：78778]
[2020-06-26 00:02:05] [find_element.py] [lineno:29] [leve:INFO] [message:定位方式：id定位值：captcha_code]
[2020-06-26 00:02:05] [handle_register.py] [lineno:59] [leve:INFO] [message:点击'注册'按钮]
[2020-06-26 00:02:05] [find_element.py] [lineno:29] [leve:INFO] [message:定位方式：id定位值：register-btn]
[2020-06-26 00:02:17] [handle_register.py] [lineno:24] [leve:INFO] [message:输入的邮箱地址位：1@1.com]
[2020-06-26 00:02:17] [find_element.py] [lineno:29] [leve:INFO] [message:定位方式：id定位值：register_email]
[2020-06-26 00:02:18] [handle_register.py] [lineno:33] [leve:INFO] [message:输入的username为：qywdzh]
[2020-06-26 00:02:18] [find_element.py] [lineno:29] [leve:INFO] [message:定位方式：id定位值：register_nickname]
[2020-06-26 00:02:18] [handle_register.py] [lineno:42] [leve:INFO] [message:输入的password为：123456]
[2020-06-26 00:02:18] [find_element.py] [lineno:29] [leve:INFO] [message:定位方式：id定位值：register_password]
[2020-06-26 00:02:18] [handle_register.py] [lineno:51] [leve:INFO] [message:图像验证码为：78778]
[2020-06-26 00:02:18] [find_element.py] [lineno:29] [leve:INFO] [message:定位方式：id定位值：captcha_code]
[2020-06-26 00:02:18] [handle_register.py] [lineno:59] [leve:INFO] [message:点击'注册'按钮]
[2020-06-26 00:02:18] [find_element.py] [lineno:29] [leve:INFO] [message:定位方式：id定位值：register-btn]
[2020-06-26 00:02:18] [find_element.py] [lineno:29] [leve:INFO] [message:定位方式：id定位值：captcha_code-error]
[2020-06-26 00:02:30] [handle_register.py] [lineno:24] [leve:INFO] [message:输入的邮箱地址位：1@1.com]
[2020-06-26 00:02:30] [find_element.py] [lineno:29] [leve:INFO] [message:定位方式：id定位值：register_email]
[2020-06-26 00:02:30] [handle_register.py] [lineno:33] [leve:INFO] [message:输入的username为：]
[2020-06-26 00:02:30] [find_element.py] [lineno:29] [leve:INFO] [message:定位方式：id定位值：register_nickname]
[2020-06-26 00:02:31] [handle_register.py] [lineno:42] [leve:INFO] [message:输入的password为：123456]
[2020-06-26 00:02:31] [find_element.py] [lineno:29] [leve:INFO] [message:定位方式：id定位值：register_password]
[2020-06-26 00:02:31] [handle_register.py] [lineno:51] [leve:INFO] [message:图像验证码为：78778]
[2020-06-26 00:02:31] [find_element.py] [lineno:29] [leve:INFO] [message:定位方式：id定位值：captcha_code]
[2020-06-26 00:02:31] [handle_register.py] [lineno:59] [leve:INFO] [message:点击'注册'按钮]
[2020-06-26 00:02:31] [find_element.py] [lineno:29] [leve:INFO] [message:定位方式：id定位值：register-btn]
[2020-06-26 00:02:31] [find_element.py] [lineno:29] [leve:INFO] [message:定位方式：id定位值：captcha_code-error]
[2020-06-26 00:02:43] [handle_register.py] [lineno:24] [leve:INFO] [message:输入的邮箱地址位：1@1.com]
[2020-06-26 00:02:43] [find_element.py] [lineno:29] [leve:INFO] [message:定位方式：id定位值：register_email]
[2020-06-26 00:02:43] [handle_register.py] [lineno:33] [leve:INFO] [message:输入的username为：qywdzh]
[2020-06-26 00:02:43] [find_element.py] [lineno:29] [leve:INFO] [message:定位方式：id定位值：register_nickname]
[2020-06-26 00:02:43] [handle_register.py] [lineno:42] [leve:INFO] [message:输入的password为：123456]
[2020-06-26 00:02:43] [find_element.py] [lineno:29] [leve:INFO] [message:定位方式：id定位值：register_password]
[2020-06-26 00:02:44] [handle_register.py] [lineno:51] [leve:INFO] [message:图像验证码为：123456]
[2020-06-26 00:02:44] [find_element.py] [lineno:29] [leve:INFO] [message:定位方式：id定位值：captcha_code]
[2020-06-26 00:02:44] [handle_register.py] [lineno:59] [leve:INFO] [message:点击'注册'按钮]
[2020-06-26 00:02:44] [find_element.py] [lineno:29] [leve:INFO] [message:定位方式：id定位值：register-btn]
[2020-06-26 00:02:44] [test_register_ddtCase.py] [lineno:32] [leve:INFO] [message:register_001--->test pass !]
[2020-06-26 00:02:56] [handle_register.py] [lineno:24] [leve:INFO] [message:输入的邮箱地址位：]
[2020-06-26 00:02:56] [find_element.py] [lineno:29] [leve:INFO] [message:定位方式：id定位值：register_email]
[2020-06-26 00:02:56] [handle_register.py] [lineno:33] [leve:INFO] [message:输入的username为：qywdzh]
[2020-06-26 00:02:56] [find_element.py] [lineno:29] [leve:INFO] [message:定位方式：id定位值：register_nickname]
[2020-06-26 00:02:56] [handle_register.py] [lineno:42] [leve:INFO] [message:输入的password为：123456]
[2020-06-26 00:02:56] [find_element.py] [lineno:29] [leve:INFO] [message:定位方式：id定位值：register_password]
[2020-06-26 00:02:56] [handle_register.py] [lineno:51] [leve:INFO] [message:图像验证码为：12345]
[2020-06-26 00:02:56] [find_element.py] [lineno:29] [leve:INFO] [message:定位方式：id定位值：captcha_code]
[2020-06-26 00:02:56] [handle_register.py] [lineno:59] [leve:INFO] [message:点击'注册'按钮]
[2020-06-26 00:02:56] [find_element.py] [lineno:29] [leve:INFO] [message:定位方式：id定位值：register-btn]
[2020-06-26 00:02:56] [find_element.py] [lineno:29] [leve:INFO] [message:定位方式：id定位值：register_email-error]
[2020-06-26 00:03:08] [handle_register.py] [lineno:24] [leve:INFO] [message:输入的邮箱地址位：1@1.com]
[2020-06-26 00:03:08] [find_element.py] [lineno:29] [leve:INFO] [message:定位方式：id定位值：register_email]
[2020-06-26 00:03:08] [handle_register.py] [lineno:33] [leve:INFO] [message:输入的username为：]
[2020-06-26 00:03:08] [find_element.py] [lineno:29] [leve:INFO] [message:定位方式：id定位值：register_nickname]
[2020-06-26 00:03:09] [handle_register.py] [lineno:42] [leve:INFO] [message:输入的password为：123456]
[2020-06-26 00:03:09] [find_element.py] [lineno:29] [leve:INFO] [message:定位方式：id定位值：register_password]
[2020-06-26 00:03:09] [handle_register.py] [lineno:51] [leve:INFO] [message:图像验证码为：12345]
[2020-06-26 00:03:09] [find_element.py] [lineno:29] [leve:INFO] [message:定位方式：id定位值：captcha_code]
[2020-06-26 00:03:09] [handle_register.py] [lineno:59] [leve:INFO] [message:点击'注册'按钮]
[2020-06-26 00:03:09] [find_element.py] [lineno:29] [leve:INFO] [message:定位方式：id定位值：register-btn]
[2020-06-26 00:03:09] [find_element.py] [lineno:29] [leve:INFO] [message:定位方式：id定位值：register_nickname-error]
[2020-06-26 00:03:21] [handle_register.py] [lineno:24] [leve:INFO] [message:输入的邮箱地址位：1@1.com]
[2020-06-26 00:03:21] [find_element.py] [lineno:29] [leve:INFO] [message:定位方式：id定位值：register_email]
[2020-06-26 00:03:21] [handle_register.py] [lineno:33] [leve:INFO] [message:输入的username为：qywdzh]
[2020-06-26 00:03:21] [find_element.py] [lineno:29] [leve:INFO] [message:定位方式：id定位值：register_nickname]
[2020-06-26 00:03:21] [handle_register.py] [lineno:42] [leve:INFO] [message:输入的password为：]
[2020-06-26 00:03:21] [find_element.py] [lineno:29] [leve:INFO] [message:定位方式：id定位值：register_password]
[2020-06-26 00:03:21] [handle_register.py] [lineno:51] [leve:INFO] [message:图像验证码为：12345]
[2020-06-26 00:03:21] [find_element.py] [lineno:29] [leve:INFO] [message:定位方式：id定位值：captcha_code]
[2020-06-26 00:03:22] [handle_register.py] [lineno:59] [leve:INFO] [message:点击'注册'按钮]
[2020-06-26 00:03:22] [find_element.py] [lineno:29] [leve:INFO] [message:定位方式：id定位值：register-btn]
[2020-06-26 00:03:22] [find_element.py] [lineno:29] [leve:INFO] [message:定位方式：id定位值：register_password-error]
[2020-06-26 00:03:34] [handle_register.py] [lineno:24] [leve:INFO] [message:输入的邮箱地址位：1@1.com]
[2020-06-26 00:03:34] [find_element.py] [lineno:29] [leve:INFO] [message:定位方式：id定位值：register_email]
[2020-06-26 00:03:34] [handle_register.py] [lineno:33] [leve:INFO] [message:输入的username为：qywdzh]
[2020-06-26 00:03:34] [find_element.py] [lineno:29] [leve:INFO] [message:定位方式：id定位值：register_nickname]
[2020-06-26 00:03:34] [handle_register.py] [lineno:42] [leve:INFO] [message:输入的password为：123456]
[2020-06-26 00:03:34] [find_element.py] [lineno:29] [leve:INFO] [message:定位方式：id定位值：register_password]
[2020-06-26 00:03:34] [handle_register.py] [lineno:51] [leve:INFO] [message:图像验证码为：]
[2020-06-26 00:03:34] [find_element.py] [lineno:29] [leve:INFO] [message:定位方式：id定位值：captcha_code]
[2020-06-26 00:03:34] [handle_register.py] [lineno:59] [leve:INFO] [message:点击'注册'按钮]
[2020-06-26 00:03:34] [find_element.py] [lineno:29] [leve:INFO] [message:定位方式：id定位值：register-btn]
[2020-06-26 00:03:34] [find_element.py] [lineno:29] [leve:INFO] [message:定位方式：id定位值：captcha_code-error]
[2020-06-26 00:05:24] [handle_register.py] [lineno:24] [leve:INFO] [message:输入的邮箱地址位：1@1.com]
[2020-06-26 00:05:24] [find_element.py] [lineno:29] [leve:INFO] [message:定位方式：id定位值：register_email]
[2020-06-26 00:05:24] [handle_register.py] [lineno:33] [leve:INFO] [message:输入的username为：qywdzh]
[2020-06-26 00:05:24] [find_element.py] [lineno:29] [leve:INFO] [message:定位方式：id定位值：register_nickname]
[2020-06-26 00:05:24] [handle_register.py] [lineno:42] [leve:INFO] [message:输入的password为：123456]
[2020-06-26 00:05:24] [find_element.py] [lineno:29] [leve:INFO] [message:定位方式：id定位值：register_password]
[2020-06-26 00:05:24] [handle_register.py] [lineno:51] [leve:INFO] [message:图像验证码为：123456]
[2020-06-26 00:05:24] [find_element.py] [lineno:29] [leve:INFO] [message:定位方式：id定位值：captcha_code]
[2020-06-26 00:05:24] [handle_register.py] [lineno:59] [leve:INFO] [message:点击'注册'按钮]
[2020-06-26 00:05:24] [find_element.py] [lineno:29] [leve:INFO] [message:定位方式：id定位值：register-btn]
[2020-06-26 00:05:25] [test_register_ddtCase.py] [lineno:31] [leve:INFO] [message:register_001--->test pass !]
[2020-06-26 00:05:36] [handle_register.py] [lineno:24] [leve:INFO] [message:输入的邮箱地址位：]
[2020-06-26 00:05:36] [find_element.py] [lineno:29] [leve:INFO] [message:定位方式：id定位值：register_email]
[2020-06-26 00:05:36] [handle_register.py] [lineno:33] [leve:INFO] [message:输入的username为：qywdzh]
[2020-06-26 00:05:36] [find_element.py] [lineno:29] [leve:INFO] [message:定位方式：id定位值：register_nickname]
[2020-06-26 00:05:36] [handle_register.py] [lineno:42] [leve:INFO] [message:输入的password为：123456]
[2020-06-26 00:05:36] [find_element.py] [lineno:29] [leve:INFO] [message:定位方式：id定位值：register_password]
[2020-06-26 00:05:37] [handle_register.py] [lineno:51] [leve:INFO] [message:图像验证码为：12345]
[2020-06-26 00:05:37] [find_element.py] [lineno:29] [leve:INFO] [message:定位方式：id定位值：captcha_code]
[2020-06-26 00:05:37] [handle_register.py] [lineno:59] [leve:INFO] [message:点击'注册'按钮]
[2020-06-26 00:05:37] [find_element.py] [lineno:29] [leve:INFO] [message:定位方式：id定位值：register-btn]
[2020-06-26 00:05:37] [find_element.py] [lineno:29] [leve:INFO] [message:定位方式：id定位值：register_email-error]
[2020-06-26 00:05:37] [test_register_ddtCase.py] [lineno:31] [leve:INFO] [message:register_002--->test pass !]
[2020-06-26 00:05:49] [handle_register.py] [lineno:24] [leve:INFO] [message:输入的邮箱地址位：1@1.com]
[2020-06-26 00:05:49] [find_element.py] [lineno:29] [leve:INFO] [message:定位方式：id定位值：register_email]
[2020-06-26 00:05:49] [handle_register.py] [lineno:33] [leve:INFO] [message:输入的username为：]
[2020-06-26 00:05:49] [find_element.py] [lineno:29] [leve:INFO] [message:定位方式：id定位值：register_nickname]
[2020-06-26 00:05:49] [handle_register.py] [lineno:42] [leve:INFO] [message:输入的password为：123456]
[2020-06-26 00:05:49] [find_element.py] [lineno:29] [leve:INFO] [message:定位方式：id定位值：register_password]
[2020-06-26 00:05:49] [handle_register.py] [lineno:51] [leve:INFO] [message:图像验证码为：12345]
[2020-06-26 00:05:49] [find_element.py] [lineno:29] [leve:INFO] [message:定位方式：id定位值：captcha_code]
[2020-06-26 00:05:49] [handle_register.py] [lineno:59] [leve:INFO] [message:点击'注册'按钮]
[2020-06-26 00:05:49] [find_element.py] [lineno:29] [leve:INFO] [message:定位方式：id定位值：register-btn]
[2020-06-26 00:05:49] [find_element.py] [lineno:29] [leve:INFO] [message:定位方式：id定位值：register_nickname-error]
[2020-06-26 00:05:50] [test_register_ddtCase.py] [lineno:31] [leve:INFO] [message:register_003--->test pass !]
[2020-06-26 00:06:01] [handle_register.py] [lineno:24] [leve:INFO] [message:输入的邮箱地址位：1@1.com]
[2020-06-26 00:06:01] [find_element.py] [lineno:29] [leve:INFO] [message:定位方式：id定位值：register_email]
[2020-06-26 00:06:01] [handle_register.py] [lineno:33] [leve:INFO] [message:输入的username为：qywdzh]
[2020-06-26 00:06:01] [find_element.py] [lineno:29] [leve:INFO] [message:定位方式：id定位值：register_nickname]
[2020-06-26 00:06:02] [handle_register.py] [lineno:42] [leve:INFO] [message:输入的password为：]
[2020-06-26 00:06:02] [find_element.py] [lineno:29] [leve:INFO] [message:定位方式：id定位值：register_password]
[2020-06-26 00:06:02] [handle_register.py] [lineno:51] [leve:INFO] [message:图像验证码为：12345]
[2020-06-26 00:06:02] [find_element.py] [lineno:29] [leve:INFO] [message:定位方式：id定位值：captcha_code]
[2020-06-26 00:06:02] [handle_register.py] [lineno:59] [leve:INFO] [message:点击'注册'按钮]
[2020-06-26 00:06:02] [find_element.py] [lineno:29] [leve:INFO] [message:定位方式：id定位值：register-btn]
[2020-06-26 00:06:02] [find_element.py] [lineno:29] [leve:INFO] [message:定位方式：id定位值：register_password-error]
[2020-06-26 00:06:02] [test_register_ddtCase.py] [lineno:31] [leve:INFO] [message:register_004--->test pass !]
[2020-06-26 00:06:14] [handle_register.py] [lineno:24] [leve:INFO] [message:输入的邮箱地址位：1@1.com]
[2020-06-26 00:06:14] [find_element.py] [lineno:29] [leve:INFO] [message:定位方式：id定位值：register_email]
[2020-06-26 00:06:14] [handle_register.py] [lineno:33] [leve:INFO] [message:输入的username为：qywdzh]
[2020-06-26 00:06:14] [find_element.py] [lineno:29] [leve:INFO] [message:定位方式：id定位值：register_nickname]
[2020-06-26 00:06:14] [handle_register.py] [lineno:42] [leve:INFO] [message:输入的password为：123456]
[2020-06-26 00:06:14] [find_element.py] [lineno:29] [leve:INFO] [message:定位方式：id定位值：register_password]
[2020-06-26 00:06:14] [handle_register.py] [lineno:51] [leve:INFO] [message:图像验证码为：]
[2020-06-26 00:06:14] [find_element.py] [lineno:29] [leve:INFO] [message:定位方式：id定位值：captcha_code]
[2020-06-26 00:06:14] [handle_register.py] [lineno:59] [leve:INFO] [message:点击'注册'按钮]
[2020-06-26 00:06:14] [find_element.py] [lineno:29] [leve:INFO] [message:定位方式：id定位值：register-btn]
[2020-06-26 00:06:15] [find_element.py] [lineno:29] [leve:INFO] [message:定位方式：id定位值：captcha_code-error]
[2020-06-26 00:06:15] [test_register_ddtCase.py] [lineno:31] [leve:INFO] [message:register_005--->test pass !]
[2020-06-26 00:20:22] [handle_register.py] [lineno:24] [leve:INFO] [message:输入的邮箱地址位：1@1.com]
[2020-06-26 00:20:22] [find_element.py] [lineno:29] [leve:INFO] [message:定位方式：id定位值：register_email]
[2020-06-26 00:20:22] [handle_register.py] [lineno:33] [leve:INFO] [message:输入的username为：qywdzh]
[2020-06-26 00:20:22] [find_element.py] [lineno:29] [leve:INFO] [message:定位方式：id定位值：register_nickname]
[2020-06-26 00:20:23] [handle_register.py] [lineno:42] [leve:INFO] [message:输入的password为：123456]
[2020-06-26 00:20:23] [find_element.py] [lineno:29] [leve:INFO] [message:定位方式：id定位值：register_password]
[2020-06-26 00:20:23] [handle_register.py] [lineno:51] [leve:INFO] [message:图像验证码为：123456]
[2020-06-26 00:20:23] [find_element.py] [lineno:29] [leve:INFO] [message:定位方式：id定位值：captcha_code]
[2020-06-26 00:20:23] [handle_register.py] [lineno:59] [leve:INFO] [message:点击'注册'按钮]
[2020-06-26 00:20:23] [find_element.py] [lineno:29] [leve:INFO] [message:定位方式：id定位值：register-btn]
[2020-06-26 00:20:23] [test_register_ddtCase.py] [lineno:31] [leve:INFO] [message:register_001--->test pass !]
[2020-06-26 00:20:35] [handle_register.py] [lineno:24] [leve:INFO] [message:输入的邮箱地址位：]
[2020-06-26 00:20:35] [find_element.py] [lineno:29] [leve:INFO] [message:定位方式：id定位值：register_email]
[2020-06-26 00:20:35] [handle_register.py] [lineno:33] [leve:INFO] [message:输入的username为：qywdzh]
[2020-06-26 00:20:35] [find_element.py] [lineno:29] [leve:INFO] [message:定位方式：id定位值：register_nickname]
[2020-06-26 00:20:35] [handle_register.py] [lineno:42] [leve:INFO] [message:输入的password为：123456]
[2020-06-26 00:20:35] [find_element.py] [lineno:29] [leve:INFO] [message:定位方式：id定位值：register_password]
[2020-06-26 00:20:35] [handle_register.py] [lineno:51] [leve:INFO] [message:图像验证码为：12345]
[2020-06-26 00:20:35] [find_element.py] [lineno:29] [leve:INFO] [message:定位方式：id定位值：captcha_code]
[2020-06-26 00:20:35] [handle_register.py] [lineno:59] [leve:INFO] [message:点击'注册'按钮]
[2020-06-26 00:20:35] [find_element.py] [lineno:29] [leve:INFO] [message:定位方式：id定位值：register-btn]
[2020-06-26 00:20:36] [find_element.py] [lineno:29] [leve:INFO] [message:定位方式：id定位值：register_email-error]
[2020-06-26 00:20:48] [handle_register.py] [lineno:24] [leve:INFO] [message:输入的邮箱地址位：1@1.com]
[2020-06-26 00:20:48] [find_element.py] [lineno:29] [leve:INFO] [message:定位方式：id定位值：register_email]
[2020-06-26 00:20:48] [handle_register.py] [lineno:33] [leve:INFO] [message:输入的username为：]
[2020-06-26 00:20:48] [find_element.py] [lineno:29] [leve:INFO] [message:定位方式：id定位值：register_nickname]
[2020-06-26 00:20:48] [handle_register.py] [lineno:42] [leve:INFO] [message:输入的password为：123456]
[2020-06-26 00:20:48] [find_element.py] [lineno:29] [leve:INFO] [message:定位方式：id定位值：register_password]
[2020-06-26 00:20:48] [handle_register.py] [lineno:51] [leve:INFO] [message:图像验证码为：12345]
[2020-06-26 00:20:48] [find_element.py] [lineno:29] [leve:INFO] [message:定位方式：id定位值：captcha_code]
[2020-06-26 00:20:48] [handle_register.py] [lineno:59] [leve:INFO] [message:点击'注册'按钮]
[2020-06-26 00:20:48] [find_element.py] [lineno:29] [leve:INFO] [message:定位方式：id定位值：register-btn]
[2020-06-26 00:20:48] [find_element.py] [lineno:29] [leve:INFO] [message:定位方式：id定位值：register_nickname-error]
[2020-06-26 00:21:00] [handle_register.py] [lineno:24] [leve:INFO] [message:输入的邮箱地址位：1@1.com]
[2020-06-26 00:21:00] [find_element.py] [lineno:29] [leve:INFO] [message:定位方式：id定位值：register_email]
[2020-06-26 00:21:00] [handle_register.py] [lineno:33] [leve:INFO] [message:输入的username为：qywdzh]
[2020-06-26 00:21:00] [find_element.py] [lineno:29] [leve:INFO] [message:定位方式：id定位值：register_nickname]
[2020-06-26 00:21:01] [handle_register.py] [lineno:42] [leve:INFO] [message:输入的password为：]
[2020-06-26 00:21:01] [find_element.py] [lineno:29] [leve:INFO] [message:定位方式：id定位值：register_password]
[2020-06-26 00:21:01] [handle_register.py] [lineno:51] [leve:INFO] [message:图像验证码为：12345]
[2020-06-26 00:21:01] [find_element.py] [lineno:29] [leve:INFO] [message:定位方式：id定位值：captcha_code]
[2020-06-26 00:21:01] [handle_register.py] [lineno:59] [leve:INFO] [message:点击'注册'按钮]
[2020-06-26 00:21:01] [find_element.py] [lineno:29] [leve:INFO] [message:定位方式：id定位值：register-btn]
[2020-06-26 00:21:01] [find_element.py] [lineno:29] [leve:INFO] [message:定位方式：id定位值：register_password-error]
[2020-06-26 00:21:13] [handle_register.py] [lineno:24] [leve:INFO] [message:输入的邮箱地址位：1@1.com]
[2020-06-26 00:21:13] [find_element.py] [lineno:29] [leve:INFO] [message:定位方式：id定位值：register_email]
[2020-06-26 00:21:13] [handle_register.py] [lineno:33] [leve:INFO] [message:输入的username为：qywdzh]
[2020-06-26 00:21:13] [find_element.py] [lineno:29] [leve:INFO] [message:定位方式：id定位值：register_nickname]
[2020-06-26 00:21:13] [handle_register.py] [lineno:42] [leve:INFO] [message:输入的password为：123456]
[2020-06-26 00:21:13] [find_element.py] [lineno:29] [leve:INFO] [message:定位方式：id定位值：register_password]
[2020-06-26 00:21:13] [handle_register.py] [lineno:51] [leve:INFO] [message:图像验证码为：]
[2020-06-26 00:21:13] [find_element.py] [lineno:29] [leve:INFO] [message:定位方式：id定位值：captcha_code]
[2020-06-26 00:21:13] [handle_register.py] [lineno:59] [leve:INFO] [message:点击'注册'按钮]
[2020-06-26 00:21:13] [find_element.py] [lineno:29] [leve:INFO] [message:定位方式：id定位值：register-btn]
[2020-06-26 00:21:14] [find_element.py] [lineno:29] [leve:INFO] [message:定位方式：id定位值：captcha_code-error]
[2020-06-26 00:22:11] [handle_register.py] [lineno:24] [leve:INFO] [message:输入的邮箱地址位：1@1.com]
[2020-06-26 00:22:11] [find_element.py] [lineno:29] [leve:INFO] [message:定位方式：id定位值：register_email]
[2020-06-26 00:22:11] [handle_register.py] [lineno:33] [leve:INFO] [message:输入的username为：qywdzh]
[2020-06-26 00:22:11] [find_element.py] [lineno:29] [leve:INFO] [message:定位方式：id定位值：register_nickname]
[2020-06-26 00:22:11] [handle_register.py] [lineno:42] [leve:INFO] [message:输入的password为：123456]
[2020-06-26 00:22:11] [find_element.py] [lineno:29] [leve:INFO] [message:定位方式：id定位值：register_password]
[2020-06-26 00:22:12] [handle_register.py] [lineno:51] [leve:INFO] [message:图像验证码为：123456]
[2020-06-26 00:22:12] [find_element.py] [lineno:29] [leve:INFO] [message:定位方式：id定位值：captcha_code]
[2020-06-26 00:22:12] [handle_register.py] [lineno:59] [leve:INFO] [message:点击'注册'按钮]
[2020-06-26 00:22:12] [find_element.py] [lineno:29] [leve:INFO] [message:定位方式：id定位值：register-btn]
[2020-06-26 00:22:12] [test_register_ddtCase.py] [lineno:31] [leve:INFO] [message:register_001--->test pass !]
[2020-06-26 00:22:24] [handle_register.py] [lineno:24] [leve:INFO] [message:输入的邮箱地址位：]
[2020-06-26 00:22:24] [find_element.py] [lineno:29] [leve:INFO] [message:定位方式：id定位值：register_email]
[2020-06-26 00:22:24] [handle_register.py] [lineno:33] [leve:INFO] [message:输入的username为：qywdzh]
[2020-06-26 00:22:24] [find_element.py] [lineno:29] [leve:INFO] [message:定位方式：id定位值：register_nickname]
[2020-06-26 00:22:24] [handle_register.py] [lineno:42] [leve:INFO] [message:输入的password为：123456]
[2020-06-26 00:22:24] [find_element.py] [lineno:29] [leve:INFO] [message:定位方式：id定位值：register_password]
[2020-06-26 00:22:25] [handle_register.py] [lineno:51] [leve:INFO] [message:图像验证码为：12345]
[2020-06-26 00:22:25] [find_element.py] [lineno:29] [leve:INFO] [message:定位方式：id定位值：captcha_code]
[2020-06-26 00:22:25] [handle_register.py] [lineno:59] [leve:INFO] [message:点击'注册'按钮]
[2020-06-26 00:22:25] [find_element.py] [lineno:29] [leve:INFO] [message:定位方式：id定位值：register-btn]
[2020-06-26 00:22:25] [find_element.py] [lineno:29] [leve:INFO] [message:定位方式：id定位值：register_email-error]
[2020-06-26 00:22:37] [handle_register.py] [lineno:24] [leve:INFO] [message:输入的邮箱地址位：1@1.com]
[2020-06-26 00:22:37] [find_element.py] [lineno:29] [leve:INFO] [message:定位方式：id定位值：register_email]
[2020-06-26 00:22:37] [handle_register.py] [lineno:33] [leve:INFO] [message:输入的username为：]
[2020-06-26 00:22:37] [find_element.py] [lineno:29] [leve:INFO] [message:定位方式：id定位值：register_nickname]
[2020-06-26 00:22:38] [handle_register.py] [lineno:42] [leve:INFO] [message:输入的password为：123456]
[2020-06-26 00:22:38] [find_element.py] [lineno:29] [leve:INFO] [message:定位方式：id定位值：register_password]
[2020-06-26 00:22:38] [handle_register.py] [lineno:51] [leve:INFO] [message:图像验证码为：12345]
[2020-06-26 00:22:38] [find_element.py] [lineno:29] [leve:INFO] [message:定位方式：id定位值：captcha_code]
[2020-06-26 00:22:38] [handle_register.py] [lineno:59] [leve:INFO] [message:点击'注册'按钮]
[2020-06-26 00:22:38] [find_element.py] [lineno:29] [leve:INFO] [message:定位方式：id定位值：register-btn]
[2020-06-26 00:22:38] [find_element.py] [lineno:29] [leve:INFO] [message:定位方式：id定位值：register_nickname-error]
[2020-06-26 00:22:51] [handle_register.py] [lineno:24] [leve:INFO] [message:输入的邮箱地址位：1@1.com]
[2020-06-26 00:22:51] [find_element.py] [lineno:29] [leve:INFO] [message:定位方式：id定位值：register_email]
[2020-06-26 00:22:51] [handle_register.py] [lineno:33] [leve:INFO] [message:输入的username为：qywdzh]
[2020-06-26 00:22:51] [find_element.py] [lineno:29] [leve:INFO] [message:定位方式：id定位值：register_nickname]
[2020-06-26 00:22:51] [handle_register.py] [lineno:42] [leve:INFO] [message:输入的password为：]
[2020-06-26 00:22:51] [find_element.py] [lineno:29] [leve:INFO] [message:定位方式：id定位值：register_password]
[2020-06-26 00:22:51] [handle_register.py] [lineno:51] [leve:INFO] [message:图像验证码为：12345]
[2020-06-26 00:22:51] [find_element.py] [lineno:29] [leve:INFO] [message:定位方式：id定位值：captcha_code]
[2020-06-26 00:22:51] [handle_register.py] [lineno:59] [leve:INFO] [message:点击'注册'按钮]
[2020-06-26 00:22:51] [find_element.py] [lineno:29] [leve:INFO] [message:定位方式：id定位值：register-btn]
[2020-06-26 00:22:52] [find_element.py] [lineno:29] [leve:INFO] [message:定位方式：id定位值：register_password-error]
[2020-06-26 00:23:04] [handle_register.py] [lineno:24] [leve:INFO] [message:输入的邮箱地址位：1@1.com]
[2020-06-26 00:23:04] [find_element.py] [lineno:29] [leve:INFO] [message:定位方式：id定位值：register_email]
[2020-06-26 00:23:04] [handle_register.py] [lineno:33] [leve:INFO] [message:输入的username为：qywdzh]
[2020-06-26 00:23:04] [find_element.py] [lineno:29] [leve:INFO] [message:定位方式：id定位值：register_nickname]
[2020-06-26 00:23:04] [handle_register.py] [lineno:42] [leve:INFO] [message:输入的password为：123456]
[2020-06-26 00:23:04] [find_element.py] [lineno:29] [leve:INFO] [message:定位方式：id定位值：register_password]
[2020-06-26 00:23:04] [handle_register.py] [lineno:51] [leve:INFO] [message:图像验证码为：]
[2020-06-26 00:23:04] [find_element.py] [lineno:29] [leve:INFO] [message:定位方式：id定位值：captcha_code]
[2020-06-26 00:23:04] [handle_register.py] [lineno:59] [leve:INFO] [message:点击'注册'按钮]
[2020-06-26 00:23:04] [find_element.py] [lineno:29] [leve:INFO] [message:定位方式：id定位值：register-btn]
[2020-06-26 00:23:04] [find_element.py] [lineno:29] [leve:INFO] [message:定位方式：id定位值：captcha_code-error]
[2020-06-26 00:24:35] [handle_register.py] [lineno:24] [leve:INFO] [message:输入的邮箱地址位：]
[2020-06-26 00:24:35] [find_element.py] [lineno:29] [leve:INFO] [message:定位方式：id定位值：register_email]
[2020-06-26 00:24:35] [handle_register.py] [lineno:33] [leve:INFO] [message:输入的username为：qywdzh]
[2020-06-26 00:24:35] [find_element.py] [lineno:29] [leve:INFO] [message:定位方式：id定位值：register_nickname]
[2020-06-26 00:24:35] [handle_register.py] [lineno:42] [leve:INFO] [message:输入的password为：123456]
[2020-06-26 00:24:35] [find_element.py] [lineno:29] [leve:INFO] [message:定位方式：id定位值：register_password]
[2020-06-26 00:24:35] [handle_register.py] [lineno:51] [leve:INFO] [message:图像验证码为：78778]
[2020-06-26 00:24:35] [find_element.py] [lineno:29] [leve:INFO] [message:定位方式：id定位值：captcha_code]
[2020-06-26 00:24:35] [handle_register.py] [lineno:59] [leve:INFO] [message:点击'注册'按钮]
[2020-06-26 00:24:35] [find_element.py] [lineno:29] [leve:INFO] [message:定位方式：id定位值：register-btn]
[2020-06-26 00:24:35] [find_element.py] [lineno:29] [leve:INFO] [message:定位方式：id定位值：captcha_code-error]
[2020-06-26 00:24:47] [handle_register.py] [lineno:24] [leve:INFO] [message:输入的邮箱地址位：1@1.com]
[2020-06-26 00:24:47] [find_element.py] [lineno:29] [leve:INFO] [message:定位方式：id定位值：register_email]
[2020-06-26 00:24:47] [handle_register.py] [lineno:33] [leve:INFO] [message:输入的username为：qywdzh]
[2020-06-26 00:24:47] [find_element.py] [lineno:29] [leve:INFO] [message:定位方式：id定位值：register_nickname]
[2020-06-26 00:24:48] [handle_register.py] [lineno:42] [leve:INFO] [message:输入的password为：123456]
[2020-06-26 00:24:48] [find_element.py] [lineno:29] [leve:INFO] [message:定位方式：id定位值：register_password]
[2020-06-26 00:24:48] [handle_register.py] [lineno:51] [leve:INFO] [message:图像验证码为：78778]
[2020-06-26 00:24:48] [find_element.py] [lineno:29] [leve:INFO] [message:定位方式：id定位值：captcha_code]
[2020-06-26 00:24:48] [handle_register.py] [lineno:59] [leve:INFO] [message:点击'注册'按钮]
[2020-06-26 00:24:48] [find_element.py] [lineno:29] [leve:INFO] [message:定位方式：id定位值：register-btn]
[2020-06-26 00:25:00] [handle_register.py] [lineno:24] [leve:INFO] [message:输入的邮箱地址位：1@1.com]
[2020-06-26 00:25:00] [find_element.py] [lineno:29] [leve:INFO] [message:定位方式：id定位值：register_email]
[2020-06-26 00:25:00] [handle_register.py] [lineno:33] [leve:INFO] [message:输入的username为：qywdzh]
[2020-06-26 00:25:00] [find_element.py] [lineno:29] [leve:INFO] [message:定位方式：id定位值：register_nickname]
[2020-06-26 00:25:00] [handle_register.py] [lineno:42] [leve:INFO] [message:输入的password为：123456]
[2020-06-26 00:25:00] [find_element.py] [lineno:29] [leve:INFO] [message:定位方式：id定位值：register_password]
[2020-06-26 00:25:00] [handle_register.py] [lineno:51] [leve:INFO] [message:图像验证码为：78778]
[2020-06-26 00:25:00] [find_element.py] [lineno:29] [leve:INFO] [message:定位方式：id定位值：captcha_code]
[2020-06-26 00:25:01] [handle_register.py] [lineno:59] [leve:INFO] [message:点击'注册'按钮]
[2020-06-26 00:25:01] [find_element.py] [lineno:29] [leve:INFO] [message:定位方式：id定位值：register-btn]
[2020-06-26 00:25:01] [find_element.py] [lineno:29] [leve:INFO] [message:定位方式：id定位值：captcha_code-error]
[2020-06-26 00:25:13] [handle_register.py] [lineno:24] [leve:INFO] [message:输入的邮箱地址位：1@1.com]
[2020-06-26 00:25:13] [find_element.py] [lineno:29] [leve:INFO] [message:定位方式：id定位值：register_email]
[2020-06-26 00:25:13] [handle_register.py] [lineno:33] [leve:INFO] [message:输入的username为：]
[2020-06-26 00:25:13] [find_element.py] [lineno:29] [leve:INFO] [message:定位方式：id定位值：register_nickname]
[2020-06-26 00:25:13] [handle_register.py] [lineno:42] [leve:INFO] [message:输入的password为：123456]
[2020-06-26 00:25:13] [find_element.py] [lineno:29] [leve:INFO] [message:定位方式：id定位值：register_password]
[2020-06-26 00:25:13] [handle_register.py] [lineno:51] [leve:INFO] [message:图像验证码为：78778]
[2020-06-26 00:25:13] [find_element.py] [lineno:29] [leve:INFO] [message:定位方式：id定位值：captcha_code]
[2020-06-26 00:25:13] [handle_register.py] [lineno:59] [leve:INFO] [message:点击'注册'按钮]
[2020-06-26 00:25:13] [find_element.py] [lineno:29] [leve:INFO] [message:定位方式：id定位值：register-btn]
[2020-06-26 00:25:13] [find_element.py] [lineno:29] [leve:INFO] [message:定位方式：id定位值：captcha_code-error]
[2020-06-26 00:26:23] [handle_register.py] [lineno:24] [leve:INFO] [message:输入的邮箱地址位：]
[2020-06-26 00:26:23] [find_element.py] [lineno:29] [leve:INFO] [message:定位方式：id定位值：register_email]
[2020-06-26 00:26:23] [handle_register.py] [lineno:33] [leve:INFO] [message:输入的username为：qywdzh]
[2020-06-26 00:26:23] [find_element.py] [lineno:29] [leve:INFO] [message:定位方式：id定位值：register_nickname]
[2020-06-26 00:26:23] [handle_register.py] [lineno:42] [leve:INFO] [message:输入的password为：123456]
[2020-06-26 00:26:23] [find_element.py] [lineno:29] [leve:INFO] [message:定位方式：id定位值：register_password]
[2020-06-26 00:26:23] [handle_register.py] [lineno:51] [leve:INFO] [message:图像验证码为：78778]
[2020-06-26 00:26:23] [find_element.py] [lineno:29] [leve:INFO] [message:定位方式：id定位值：captcha_code]
[2020-06-26 00:26:24] [handle_register.py] [lineno:59] [leve:INFO] [message:点击'注册'按钮]
[2020-06-26 00:26:24] [find_element.py] [lineno:29] [leve:INFO] [message:定位方式：id定位值：register-btn]
[2020-06-26 00:26:24] [find_element.py] [lineno:29] [leve:INFO] [message:定位方式：id定位值：captcha_code-error]
[2020-06-26 00:26:36] [handle_register.py] [lineno:24] [leve:INFO] [message:输入的邮箱地址位：1@1.com]
[2020-06-26 00:26:36] [find_element.py] [lineno:29] [leve:INFO] [message:定位方式：id定位值：register_email]
[2020-06-26 00:26:36] [handle_register.py] [lineno:33] [leve:INFO] [message:输入的username为：qywdzh]
[2020-06-26 00:26:36] [find_element.py] [lineno:29] [leve:INFO] [message:定位方式：id定位值：register_nickname]
[2020-06-26 00:26:36] [handle_register.py] [lineno:42] [leve:INFO] [message:输入的password为：123456]
[2020-06-26 00:26:36] [find_element.py] [lineno:29] [leve:INFO] [message:定位方式：id定位值：register_password]
[2020-06-26 00:26:36] [handle_register.py] [lineno:51] [leve:INFO] [message:图像验证码为：78778]
[2020-06-26 00:26:36] [find_element.py] [lineno:29] [leve:INFO] [message:定位方式：id定位值：captcha_code]
[2020-06-26 00:26:36] [handle_register.py] [lineno:59] [leve:INFO] [message:点击'注册'按钮]
[2020-06-26 00:26:36] [find_element.py] [lineno:29] [leve:INFO] [message:定位方式：id定位值：register-btn]
[2020-06-26 00:26:48] [handle_register.py] [lineno:24] [leve:INFO] [message:输入的邮箱地址位：1@1.com]
[2020-06-26 00:26:48] [find_element.py] [lineno:29] [leve:INFO] [message:定位方式：id定位值：register_email]
[2020-06-26 00:26:48] [handle_register.py] [lineno:33] [leve:INFO] [message:输入的username为：qywdzh]
[2020-06-26 00:26:48] [find_element.py] [lineno:29] [leve:INFO] [message:定位方式：id定位值：register_nickname]
[2020-06-26 00:26:49] [handle_register.py] [lineno:42] [leve:INFO] [message:输入的password为：123456]
[2020-06-26 00:26:49] [find_element.py] [lineno:29] [leve:INFO] [message:定位方式：id定位值：register_password]
[2020-06-26 00:26:49] [handle_register.py] [lineno:51] [leve:INFO] [message:图像验证码为：78778]
[2020-06-26 00:26:49] [find_element.py] [lineno:29] [leve:INFO] [message:定位方式：id定位值：captcha_code]
[2020-06-26 00:26:49] [handle_register.py] [lineno:59] [leve:INFO] [message:点击'注册'按钮]
[2020-06-26 00:26:49] [find_element.py] [lineno:29] [leve:INFO] [message:定位方式：id定位值：register-btn]
[2020-06-26 00:26:49] [find_element.py] [lineno:29] [leve:INFO] [message:定位方式：id定位值：captcha_code-error]
[2020-06-26 00:27:01] [handle_register.py] [lineno:24] [leve:INFO] [message:输入的邮箱地址位：1@1.com]
[2020-06-26 00:27:01] [find_element.py] [lineno:29] [leve:INFO] [message:定位方式：id定位值：register_email]
[2020-06-26 00:27:01] [handle_register.py] [lineno:33] [leve:INFO] [message:输入的username为：]
[2020-06-26 00:27:01] [find_element.py] [lineno:29] [leve:INFO] [message:定位方式：id定位值：register_nickname]
[2020-06-26 00:27:01] [handle_register.py] [lineno:42] [leve:INFO] [message:输入的password为：123456]
[2020-06-26 00:27:01] [find_element.py] [lineno:29] [leve:INFO] [message:定位方式：id定位值：register_password]
[2020-06-26 00:27:01] [handle_register.py] [lineno:51] [leve:INFO] [message:图像验证码为：78778]
[2020-06-26 00:27:01] [find_element.py] [lineno:29] [leve:INFO] [message:定位方式：id定位值：captcha_code]
[2020-06-26 00:27:02] [handle_register.py] [lineno:59] [leve:INFO] [message:点击'注册'按钮]
[2020-06-26 00:27:02] [find_element.py] [lineno:29] [leve:INFO] [message:定位方式：id定位值：register-btn]
[2020-06-26 00:27:02] [find_element.py] [lineno:29] [leve:INFO] [message:定位方式：id定位值：captcha_code-error]
[2020-06-26 00:40:32] [handle_register.py] [lineno:24] [leve:INFO] [message:输入的邮箱地址位：]
[2020-06-26 00:40:32] [find_element.py] [lineno:29] [leve:INFO] [message:定位方式：id定位值：register_email]
[2020-06-26 00:40:32] [handle_register.py] [lineno:33] [leve:INFO] [message:输入的username为：qywdzh]
[2020-06-26 00:40:32] [find_element.py] [lineno:29] [leve:INFO] [message:定位方式：id定位值：register_nickname]
[2020-06-26 00:40:32] [handle_register.py] [lineno:42] [leve:INFO] [message:输入的password为：123456]
[2020-06-26 00:40:32] [find_element.py] [lineno:29] [leve:INFO] [message:定位方式：id定位值：register_password]
[2020-06-26 00:40:33] [handle_register.py] [lineno:51] [leve:INFO] [message:图像验证码为：78778]
[2020-06-26 00:40:33] [find_element.py] [lineno:29] [leve:INFO] [message:定位方式：id定位值：captcha_code]
[2020-06-26 00:40:33] [handle_register.py] [lineno:59] [leve:INFO] [message:点击'注册'按钮]
[2020-06-26 00:40:33] [find_element.py] [lineno:29] [leve:INFO] [message:定位方式：id定位值：register-btn]
[2020-06-26 00:40:33] [find_element.py] [lineno:29] [leve:INFO] [message:定位方式：id定位值：captcha_code-error]
[2020-06-26 00:40:45] [handle_register.py] [lineno:24] [leve:INFO] [message:输入的邮箱地址位：1@1.com]
[2020-06-26 00:40:45] [find_element.py] [lineno:29] [leve:INFO] [message:定位方式：id定位值：register_email]
[2020-06-26 00:40:45] [handle_register.py] [lineno:33] [leve:INFO] [message:输入的username为：qywdzh]
[2020-06-26 00:40:45] [find_element.py] [lineno:29] [leve:INFO] [message:定位方式：id定位值：register_nickname]
[2020-06-26 00:40:45] [handle_register.py] [lineno:42] [leve:INFO] [message:输入的password为：123456]
[2020-06-26 00:40:45] [find_element.py] [lineno:29] [leve:INFO] [message:定位方式：id定位值：register_password]
[2020-06-26 00:40:45] [handle_register.py] [lineno:51] [leve:INFO] [message:图像验证码为：78778]
[2020-06-26 00:40:45] [find_element.py] [lineno:29] [leve:INFO] [message:定位方式：id定位值：captcha_code]
[2020-06-26 00:40:46] [handle_register.py] [lineno:59] [leve:INFO] [message:点击'注册'按钮]
[2020-06-26 00:40:46] [find_element.py] [lineno:29] [leve:INFO] [message:定位方式：id定位值：register-btn]
[2020-06-26 00:40:58] [handle_register.py] [lineno:24] [leve:INFO] [message:输入的邮箱地址位：1@1.com]
[2020-06-26 00:40:58] [find_element.py] [lineno:29] [leve:INFO] [message:定位方式：id定位值：register_email]
[2020-06-26 00:40:58] [handle_register.py] [lineno:33] [leve:INFO] [message:输入的username为：qywdzh]
[2020-06-26 00:40:58] [find_element.py] [lineno:29] [leve:INFO] [message:定位方式：id定位值：register_nickname]
[2020-06-26 00:40:58] [handle_register.py] [lineno:42] [leve:INFO] [message:输入的password为：123456]
[2020-06-26 00:40:58] [find_element.py] [lineno:29] [leve:INFO] [message:定位方式：id定位值：register_password]
[2020-06-26 00:40:58] [handle_register.py] [lineno:51] [leve:INFO] [message:图像验证码为：78778]
[2020-06-26 00:40:58] [find_element.py] [lineno:29] [leve:INFO] [message:定位方式：id定位值：captcha_code]
[2020-06-26 00:40:58] [handle_register.py] [lineno:59] [leve:INFO] [message:点击'注册'按钮]
[2020-06-26 00:40:58] [find_element.py] [lineno:29] [leve:INFO] [message:定位方式：id定位值：register-btn]
[2020-06-26 00:40:58] [find_element.py] [lineno:29] [leve:INFO] [message:定位方式：id定位值：captcha_code-error]
[2020-06-26 00:46:17] [handle_register.py] [lineno:24] [leve:INFO] [message:输入的邮箱地址位：]
[2020-06-26 00:46:17] [find_element.py] [lineno:29] [leve:INFO] [message:定位方式：id定位值：register_email]
[2020-06-26 00:46:17] [handle_register.py] [lineno:33] [leve:INFO] [message:输入的username为：qywdzh]
[2020-06-26 00:46:17] [find_element.py] [lineno:29] [leve:INFO] [message:定位方式：id定位值：register_nickname]
[2020-06-26 00:46:17] [handle_register.py] [lineno:42] [leve:INFO] [message:输入的password为：123456]
[2020-06-26 00:46:17] [find_element.py] [lineno:29] [leve:INFO] [message:定位方式：id定位值：register_password]
[2020-06-26 00:46:18] [handle_register.py] [lineno:51] [leve:INFO] [message:图像验证码为：78778]
[2020-06-26 00:46:18] [find_element.py] [lineno:29] [leve:INFO] [message:定位方式：id定位值：captcha_code]
[2020-06-26 00:46:18] [handle_register.py] [lineno:59] [leve:INFO] [message:点击'注册'按钮]
[2020-06-26 00:46:18] [find_element.py] [lineno:29] [leve:INFO] [message:定位方式：id定位值：register-btn]
[2020-06-26 00:46:18] [find_element.py] [lineno:29] [leve:INFO] [message:定位方式：id定位值：captcha_code-error]
[2020-06-26 00:46:30] [handle_register.py] [lineno:24] [leve:INFO] [message:输入的邮箱地址位：1@1.com]
[2020-06-26 00:46:30] [find_element.py] [lineno:29] [leve:INFO] [message:定位方式：id定位值：register_email]
[2020-06-26 00:46:30] [handle_register.py] [lineno:33] [leve:INFO] [message:输入的username为：qywdzh]
[2020-06-26 00:46:30] [find_element.py] [lineno:29] [leve:INFO] [message:定位方式：id定位值：register_nickname]
[2020-06-26 00:46:30] [handle_register.py] [lineno:42] [leve:INFO] [message:输入的password为：123456]
[2020-06-26 00:46:30] [find_element.py] [lineno:29] [leve:INFO] [message:定位方式：id定位值：register_password]
[2020-06-26 00:46:30] [handle_register.py] [lineno:51] [leve:INFO] [message:图像验证码为：78778]
[2020-06-26 00:46:30] [find_element.py] [lineno:29] [leve:INFO] [message:定位方式：id定位值：captcha_code]
[2020-06-26 00:46:30] [handle_register.py] [lineno:59] [leve:INFO] [message:点击'注册'按钮]
[2020-06-26 00:46:30] [find_element.py] [lineno:29] [leve:INFO] [message:定位方式：id定位值：register-btn]
[2020-06-26 00:46:31] [find_element.py] [lineno:29] [leve:INFO] [message:定位方式：id定位值：captcha_code-error]
[2020-06-26 00:46:42] [handle_register.py] [lineno:24] [leve:INFO] [message:输入的邮箱地址位：1@1.com]
[2020-06-26 00:46:42] [find_element.py] [lineno:29] [leve:INFO] [message:定位方式：id定位值：register_email]
[2020-06-26 00:46:42] [handle_register.py] [lineno:33] [leve:INFO] [message:输入的username为：qywdzh]
[2020-06-26 00:46:42] [find_element.py] [lineno:29] [leve:INFO] [message:定位方式：id定位值：register_nickname]
[2020-06-26 00:46:43] [handle_register.py] [lineno:42] [leve:INFO] [message:输入的password为：123456]
[2020-06-26 00:46:43] [find_element.py] [lineno:29] [leve:INFO] [message:定位方式：id定位值：register_password]
[2020-06-26 00:46:43] [handle_register.py] [lineno:51] [leve:INFO] [message:图像验证码为：78778]
[2020-06-26 00:46:43] [find_element.py] [lineno:29] [leve:INFO] [message:定位方式：id定位值：captcha_code]
[2020-06-26 00:46:43] [handle_register.py] [lineno:59] [leve:INFO] [message:点击'注册'按钮]
[2020-06-26 00:46:43] [find_element.py] [lineno:29] [leve:INFO] [message:定位方式：id定位值：register-btn]
[2020-06-26 00:46:43] [find_element.py] [lineno:29] [leve:INFO] [message:定位方式：id定位值：captcha_code-error]
[2020-06-26 00:48:27] [handle_register.py] [lineno:24] [leve:INFO] [message:输入的邮箱地址位：]
[2020-06-26 00:48:27] [find_element.py] [lineno:29] [leve:INFO] [message:定位方式：id定位值：register_email]
[2020-06-26 00:48:27] [handle_register.py] [lineno:33] [leve:INFO] [message:输入的username为：qywdzh]
[2020-06-26 00:48:27] [find_element.py] [lineno:29] [leve:INFO] [message:定位方式：id定位值：register_nickname]
[2020-06-26 00:48:27] [handle_register.py] [lineno:42] [leve:INFO] [message:输入的password为：123456]
[2020-06-26 00:48:27] [find_element.py] [lineno:29] [leve:INFO] [message:定位方式：id定位值：register_password]
[2020-06-26 00:48:28] [handle_register.py] [lineno:51] [leve:INFO] [message:图像验证码为：78778]
[2020-06-26 00:48:28] [find_element.py] [lineno:29] [leve:INFO] [message:定位方式：id定位值：captcha_code]
[2020-06-26 00:48:28] [handle_register.py] [lineno:59] [leve:INFO] [message:点击'注册'按钮]
[2020-06-26 00:48:28] [find_element.py] [lineno:29] [leve:INFO] [message:定位方式：id定位值：register-btn]
[2020-06-26 00:48:28] [find_element.py] [lineno:29] [leve:INFO] [message:定位方式：id定位值：register_email-error]
[2020-06-26 00:48:40] [handle_register.py] [lineno:24] [leve:INFO] [message:输入的邮箱地址位：1@1.com]
[2020-06-26 00:48:40] [find_element.py] [lineno:29] [leve:INFO] [message:定位方式：id定位值：register_email]
[2020-06-26 00:48:40] [handle_register.py] [lineno:33] [leve:INFO] [message:输入的username为：qywdzh]
[2020-06-26 00:48:40] [find_element.py] [lineno:29] [leve:INFO] [message:定位方式：id定位值：register_nickname]
[2020-06-26 00:48:40] [handle_register.py] [lineno:42] [leve:INFO] [message:输入的password为：123456]
[2020-06-26 00:48:40] [find_element.py] [lineno:29] [leve:INFO] [message:定位方式：id定位值：register_password]
[2020-06-26 00:48:40] [handle_register.py] [lineno:51] [leve:INFO] [message:图像验证码为：78778]
[2020-06-26 00:48:40] [find_element.py] [lineno:29] [leve:INFO] [message:定位方式：id定位值：captcha_code]
[2020-06-26 00:48:41] [handle_register.py] [lineno:59] [leve:INFO] [message:点击'注册'按钮]
[2020-06-26 00:48:41] [find_element.py] [lineno:29] [leve:INFO] [message:定位方式：id定位值：register-btn]
[2020-06-26 00:48:41] [find_element.py] [lineno:29] [leve:INFO] [message:定位方式：id定位值：captcha_code-error]
[2020-06-26 00:48:53] [handle_register.py] [lineno:24] [leve:INFO] [message:输入的邮箱地址位：1@1.com]
[2020-06-26 00:48:53] [find_element.py] [lineno:29] [leve:INFO] [message:定位方式：id定位值：register_email]
[2020-06-26 00:48:53] [handle_register.py] [lineno:33] [leve:INFO] [message:输入的username为：qywdzh]
[2020-06-26 00:48:53] [find_element.py] [lineno:29] [leve:INFO] [message:定位方式：id定位值：register_nickname]
[2020-06-26 00:48:53] [handle_register.py] [lineno:42] [leve:INFO] [message:输入的password为：123456]
[2020-06-26 00:48:53] [find_element.py] [lineno:29] [leve:INFO] [message:定位方式：id定位值：register_password]
[2020-06-26 00:48:54] [handle_register.py] [lineno:51] [leve:INFO] [message:图像验证码为：78778]
[2020-06-26 00:48:54] [find_element.py] [lineno:29] [leve:INFO] [message:定位方式：id定位值：captcha_code]
[2020-06-26 00:48:54] [handle_register.py] [lineno:59] [leve:INFO] [message:点击'注册'按钮]
[2020-06-26 00:48:54] [find_element.py] [lineno:29] [leve:INFO] [message:定位方式：id定位值：register-btn]
[2020-06-26 00:48:54] [find_element.py] [lineno:29] [leve:INFO] [message:定位方式：id定位值：captcha_code-error]
[2020-06-26 00:49:06] [handle_register.py] [lineno:24] [leve:INFO] [message:输入的邮箱地址位：1@1.com]
[2020-06-26 00:49:06] [find_element.py] [lineno:29] [leve:INFO] [message:定位方式：id定位值：register_email]
[2020-06-26 00:49:06] [handle_register.py] [lineno:33] [leve:INFO] [message:输入的username为：]
[2020-06-26 00:49:06] [find_element.py] [lineno:29] [leve:INFO] [message:定位方式：id定位值：register_nickname]
[2020-06-26 00:49:06] [handle_register.py] [lineno:42] [leve:INFO] [message:输入的password为：123456]
[2020-06-26 00:49:06] [find_element.py] [lineno:29] [leve:INFO] [message:定位方式：id定位值：register_password]
[2020-06-26 00:49:06] [handle_register.py] [lineno:51] [leve:INFO] [message:图像验证码为：78778]
[2020-06-26 00:49:06] [find_element.py] [lineno:29] [leve:INFO] [message:定位方式：id定位值：captcha_code]
[2020-06-26 00:49:06] [handle_register.py] [lineno:59] [leve:INFO] [message:点击'注册'按钮]
[2020-06-26 00:49:06] [find_element.py] [lineno:29] [leve:INFO] [message:定位方式：id定位值：register-btn]
[2020-06-26 00:49:07] [find_element.py] [lineno:29] [leve:INFO] [message:定位方式：id定位值：register_nickname-error]
[2020-06-26 00:49:28] [handle_register.py] [lineno:24] [leve:INFO] [message:输入的邮箱地址位：]
[2020-06-26 00:49:28] [find_element.py] [lineno:29] [leve:INFO] [message:定位方式：id定位值：register_email]
[2020-06-26 00:49:28] [handle_register.py] [lineno:33] [leve:INFO] [message:输入的username为：qywdzh]
[2020-06-26 00:49:28] [find_element.py] [lineno:29] [leve:INFO] [message:定位方式：id定位值：register_nickname]
[2020-06-26 00:49:28] [handle_register.py] [lineno:42] [leve:INFO] [message:输入的password为：123456]
[2020-06-26 00:49:28] [find_element.py] [lineno:29] [leve:INFO] [message:定位方式：id定位值：register_password]
[2020-06-26 00:49:29] [handle_register.py] [lineno:51] [leve:INFO] [message:图像验证码为：78778]
[2020-06-26 00:49:29] [find_element.py] [lineno:29] [leve:INFO] [message:定位方式：id定位值：captcha_code]
[2020-06-26 00:49:29] [handle_register.py] [lineno:59] [leve:INFO] [message:点击'注册'按钮]
[2020-06-26 00:49:29] [find_element.py] [lineno:29] [leve:INFO] [message:定位方式：id定位值：register-btn]
[2020-06-26 00:49:29] [find_element.py] [lineno:29] [leve:INFO] [message:定位方式：id定位值：register_email-error]
[2020-06-26 00:49:41] [handle_register.py] [lineno:24] [leve:INFO] [message:输入的邮箱地址位：1@1.com]
[2020-06-26 00:49:41] [find_element.py] [lineno:29] [leve:INFO] [message:定位方式：id定位值：register_email]
[2020-06-26 00:49:41] [handle_register.py] [lineno:33] [leve:INFO] [message:输入的username为：qywdzh]
[2020-06-26 00:49:41] [find_element.py] [lineno:29] [leve:INFO] [message:定位方式：id定位值：register_nickname]
[2020-06-26 00:49:41] [handle_register.py] [lineno:42] [leve:INFO] [message:输入的password为：123456]
[2020-06-26 00:49:41] [find_element.py] [lineno:29] [leve:INFO] [message:定位方式：id定位值：register_password]
[2020-06-26 00:49:41] [handle_register.py] [lineno:51] [leve:INFO] [message:图像验证码为：78778]
[2020-06-26 00:49:41] [find_element.py] [lineno:29] [leve:INFO] [message:定位方式：id定位值：captcha_code]
[2020-06-26 00:49:41] [handle_register.py] [lineno:59] [leve:INFO] [message:点击'注册'按钮]
[2020-06-26 00:49:41] [find_element.py] [lineno:29] [leve:INFO] [message:定位方式：id定位值：register-btn]
[2020-06-26 00:49:41] [find_element.py] [lineno:29] [leve:INFO] [message:定位方式：id定位值：captcha_code-error]
[2020-06-26 00:49:53] [handle_register.py] [lineno:24] [leve:INFO] [message:输入的邮箱地址位：1@1.com]
[2020-06-26 00:49:53] [find_element.py] [lineno:29] [leve:INFO] [message:定位方式：id定位值：register_email]
[2020-06-26 00:49:53] [handle_register.py] [lineno:33] [leve:INFO] [message:输入的username为：qywdzh]
[2020-06-26 00:49:53] [find_element.py] [lineno:29] [leve:INFO] [message:定位方式：id定位值：register_nickname]
[2020-06-26 00:49:54] [handle_register.py] [lineno:42] [leve:INFO] [message:输入的password为：123456]
[2020-06-26 00:49:54] [find_element.py] [lineno:29] [leve:INFO] [message:定位方式：id定位值：register_password]
[2020-06-26 00:49:54] [handle_register.py] [lineno:51] [leve:INFO] [message:图像验证码为：78778]
[2020-06-26 00:49:54] [find_element.py] [lineno:29] [leve:INFO] [message:定位方式：id定位值：captcha_code]
[2020-06-26 00:49:54] [handle_register.py] [lineno:59] [leve:INFO] [message:点击'注册'按钮]
[2020-06-26 00:49:54] [find_element.py] [lineno:29] [leve:INFO] [message:定位方式：id定位值：register-btn]
[2020-06-26 00:49:54] [find_element.py] [lineno:29] [leve:INFO] [message:定位方式：id定位值：captcha_code-error]
[2020-06-26 00:50:06] [handle_register.py] [lineno:24] [leve:INFO] [message:输入的邮箱地址位：1@1.com]
[2020-06-26 00:50:06] [find_element.py] [lineno:29] [leve:INFO] [message:定位方式：id定位值：register_email]
[2020-06-26 00:50:06] [handle_register.py] [lineno:33] [leve:INFO] [message:输入的username为：]
[2020-06-26 00:50:06] [find_element.py] [lineno:29] [leve:INFO] [message:定位方式：id定位值：register_nickname]
[2020-06-26 00:50:06] [handle_register.py] [lineno:42] [leve:INFO] [message:输入的password为：123456]
[2020-06-26 00:50:06] [find_element.py] [lineno:29] [leve:INFO] [message:定位方式：id定位值：register_password]
[2020-06-26 00:50:06] [handle_register.py] [lineno:51] [leve:INFO] [message:图像验证码为：78778]
[2020-06-26 00:50:06] [find_element.py] [lineno:29] [leve:INFO] [message:定位方式：id定位值：captcha_code]
[2020-06-26 00:50:07] [handle_register.py] [lineno:59] [leve:INFO] [message:点击'注册'按钮]
[2020-06-26 00:50:07] [find_element.py] [lineno:29] [leve:INFO] [message:定位方式：id定位值：register-btn]
[2020-06-26 00:50:07] [find_element.py] [lineno:29] [leve:INFO] [message:定位方式：id定位值：register_nickname-error]
[2020-06-26 00:52:12] [handle_register.py] [lineno:24] [leve:INFO] [message:输入的邮箱地址位：]
[2020-06-26 00:52:12] [find_element.py] [lineno:29] [leve:INFO] [message:定位方式：id定位值：register_email]
[2020-06-26 00:52:12] [handle_register.py] [lineno:33] [leve:INFO] [message:输入的username为：qywdzh]
[2020-06-26 00:52:12] [find_element.py] [lineno:29] [leve:INFO] [message:定位方式：id定位值：register_nickname]
[2020-06-26 00:52:12] [handle_register.py] [lineno:42] [leve:INFO] [message:输入的password为：123456]
[2020-06-26 00:52:12] [find_element.py] [lineno:29] [leve:INFO] [message:定位方式：id定位值：register_password]
[2020-06-26 00:52:12] [handle_register.py] [lineno:51] [leve:INFO] [message:图像验证码为：78778]
[2020-06-26 00:52:12] [find_element.py] [lineno:29] [leve:INFO] [message:定位方式：id定位值：captcha_code]
[2020-06-26 00:52:12] [handle_register.py] [lineno:59] [leve:INFO] [message:点击'注册'按钮]
[2020-06-26 00:52:12] [find_element.py] [lineno:29] [leve:INFO] [message:定位方式：id定位值：register-btn]
[2020-06-26 00:52:12] [find_element.py] [lineno:29] [leve:INFO] [message:定位方式：id定位值：register_email-error]
[2020-06-26 00:52:24] [handle_register.py] [lineno:24] [leve:INFO] [message:输入的邮箱地址位：1@1.com]
[2020-06-26 00:52:24] [find_element.py] [lineno:29] [leve:INFO] [message:定位方式：id定位值：register_email]
[2020-06-26 00:52:24] [handle_register.py] [lineno:33] [leve:INFO] [message:输入的username为：qywdzh]
[2020-06-26 00:52:24] [find_element.py] [lineno:29] [leve:INFO] [message:定位方式：id定位值：register_nickname]
[2020-06-26 00:52:25] [handle_register.py] [lineno:42] [leve:INFO] [message:输入的password为：123456]
[2020-06-26 00:52:25] [find_element.py] [lineno:29] [leve:INFO] [message:定位方式：id定位值：register_password]
[2020-06-26 00:52:25] [handle_register.py] [lineno:51] [leve:INFO] [message:图像验证码为：78778]
[2020-06-26 00:52:25] [find_element.py] [lineno:29] [leve:INFO] [message:定位方式：id定位值：captcha_code]
[2020-06-26 00:52:25] [handle_register.py] [lineno:59] [leve:INFO] [message:点击'注册'按钮]
[2020-06-26 00:52:25] [find_element.py] [lineno:29] [leve:INFO] [message:定位方式：id定位值：register-btn]
[2020-06-26 00:52:25] [find_element.py] [lineno:29] [leve:INFO] [message:定位方式：id定位值：captcha_code-error]
[2020-06-26 00:52:37] [handle_register.py] [lineno:24] [leve:INFO] [message:输入的邮箱地址位：1@1.com]
[2020-06-26 00:52:37] [find_element.py] [lineno:29] [leve:INFO] [message:定位方式：id定位值：register_email]
[2020-06-26 00:52:37] [handle_register.py] [lineno:33] [leve:INFO] [message:输入的username为：qywdzh]
[2020-06-26 00:52:37] [find_element.py] [lineno:29] [leve:INFO] [message:定位方式：id定位值：register_nickname]
[2020-06-26 00:52:37] [handle_register.py] [lineno:42] [leve:INFO] [message:输入的password为：123456]
[2020-06-26 00:52:37] [find_element.py] [lineno:29] [leve:INFO] [message:定位方式：id定位值：register_password]
[2020-06-26 00:52:38] [handle_register.py] [lineno:51] [leve:INFO] [message:图像验证码为：78778]
[2020-06-26 00:52:38] [find_element.py] [lineno:29] [leve:INFO] [message:定位方式：id定位值：captcha_code]
[2020-06-26 00:52:38] [handle_register.py] [lineno:59] [leve:INFO] [message:点击'注册'按钮]
[2020-06-26 00:52:38] [find_element.py] [lineno:29] [leve:INFO] [message:定位方式：id定位值：register-btn]
[2020-06-26 00:52:38] [find_element.py] [lineno:29] [leve:INFO] [message:定位方式：id定位值：captcha_code-error]
[2020-06-26 00:52:55] [handle_register.py] [lineno:24] [leve:INFO] [message:输入的邮箱地址位：]
[2020-06-26 00:52:55] [find_element.py] [lineno:29] [leve:INFO] [message:定位方式：id定位值：register_email]
[2020-06-26 00:52:55] [handle_register.py] [lineno:33] [leve:INFO] [message:输入的username为：qywdzh]
[2020-06-26 00:52:55] [find_element.py] [lineno:29] [leve:INFO] [message:定位方式：id定位值：register_nickname]
[2020-06-26 00:52:55] [handle_register.py] [lineno:42] [leve:INFO] [message:输入的password为：123456]
[2020-06-26 00:52:55] [find_element.py] [lineno:29] [leve:INFO] [message:定位方式：id定位值：register_password]
[2020-06-26 00:52:55] [handle_register.py] [lineno:51] [leve:INFO] [message:图像验证码为：78778]
[2020-06-26 00:52:55] [find_element.py] [lineno:29] [leve:INFO] [message:定位方式：id定位值：captcha_code]
[2020-06-26 00:52:55] [handle_register.py] [lineno:59] [leve:INFO] [message:点击'注册'按钮]
[2020-06-26 00:52:55] [find_element.py] [lineno:29] [leve:INFO] [message:定位方式：id定位值：register-btn]
[2020-06-26 00:53:07] [handle_register.py] [lineno:24] [leve:INFO] [message:输入的邮箱地址位：1@1.com]
[2020-06-26 00:53:07] [find_element.py] [lineno:29] [leve:INFO] [message:定位方式：id定位值：register_email]
[2020-06-26 00:53:08] [handle_register.py] [lineno:33] [leve:INFO] [message:输入的username为：qywdzh]
[2020-06-26 00:53:08] [find_element.py] [lineno:29] [leve:INFO] [message:定位方式：id定位值：register_nickname]
[2020-06-26 00:53:08] [handle_register.py] [lineno:42] [leve:INFO] [message:输入的password为：123456]
[2020-06-26 00:53:08] [find_element.py] [lineno:29] [leve:INFO] [message:定位方式：id定位值：register_password]
[2020-06-26 00:53:08] [handle_register.py] [lineno:51] [leve:INFO] [message:图像验证码为：78778]
[2020-06-26 00:53:08] [find_element.py] [lineno:29] [leve:INFO] [message:定位方式：id定位值：captcha_code]
[2020-06-26 00:53:08] [handle_register.py] [lineno:59] [leve:INFO] [message:点击'注册'按钮]
[2020-06-26 00:53:08] [find_element.py] [lineno:29] [leve:INFO] [message:定位方式：id定位值：register-btn]
[2020-06-26 00:53:20] [handle_register.py] [lineno:24] [leve:INFO] [message:输入的邮箱地址位：1@1.com]
[2020-06-26 00:53:20] [find_element.py] [lineno:29] [leve:INFO] [message:定位方式：id定位值：register_email]
[2020-06-26 00:53:20] [handle_register.py] [lineno:33] [leve:INFO] [message:输入的username为：qywdzh]
[2020-06-26 00:53:20] [find_element.py] [lineno:29] [leve:INFO] [message:定位方式：id定位值：register_nickname]
[2020-06-26 00:53:21] [handle_register.py] [lineno:42] [leve:INFO] [message:输入的password为：123456]
[2020-06-26 00:53:21] [find_element.py] [lineno:29] [leve:INFO] [message:定位方式：id定位值：register_password]
[2020-06-26 00:53:21] [handle_register.py] [lineno:51] [leve:INFO] [message:图像验证码为：78778]
[2020-06-26 00:53:21] [find_element.py] [lineno:29] [leve:INFO] [message:定位方式：id定位值：captcha_code]
[2020-06-26 00:53:21] [handle_register.py] [lineno:59] [leve:INFO] [message:点击'注册'按钮]
[2020-06-26 00:53:21] [find_element.py] [lineno:29] [leve:INFO] [message:定位方式：id定位值：register-btn]
[2020-06-26 00:53:33] [handle_register.py] [lineno:24] [leve:INFO] [message:输入的邮箱地址位：1@1.com]
[2020-06-26 00:53:33] [find_element.py] [lineno:29] [leve:INFO] [message:定位方式：id定位值：register_email]
[2020-06-26 00:53:33] [handle_register.py] [lineno:33] [leve:INFO] [message:输入的username为：]
[2020-06-26 00:53:33] [find_element.py] [lineno:29] [leve:INFO] [message:定位方式：id定位值：register_nickname]
[2020-06-26 00:53:34] [handle_register.py] [lineno:42] [leve:INFO] [message:输入的password为：123456]
[2020-06-26 00:53:34] [find_element.py] [lineno:29] [leve:INFO] [message:定位方式：id定位值：register_password]
[2020-06-26 00:53:34] [handle_register.py] [lineno:51] [leve:INFO] [message:图像验证码为：78778]
[2020-06-26 00:53:34] [find_element.py] [lineno:29] [leve:INFO] [message:定位方式：id定位值：captcha_code]
[2020-06-26 00:53:34] [handle_register.py] [lineno:59] [leve:INFO] [message:点击'注册'按钮]
[2020-06-26 00:53:34] [find_element.py] [lineno:29] [leve:INFO] [message:定位方式：id定位值：register-btn]
[2020-06-26 00:54:00] [handle_register.py] [lineno:24] [leve:INFO] [message:输入的邮箱地址位：]
[2020-06-26 00:54:00] [find_element.py] [lineno:29] [leve:INFO] [message:定位方式：id定位值：register_email]
[2020-06-26 00:54:00] [handle_register.py] [lineno:33] [leve:INFO] [message:输入的username为：qywdzh]
[2020-06-26 00:54:00] [find_element.py] [lineno:29] [leve:INFO] [message:定位方式：id定位值：register_nickname]
[2020-06-26 00:54:00] [handle_register.py] [lineno:42] [leve:INFO] [message:输入的password为：123456]
[2020-06-26 00:54:00] [find_element.py] [lineno:29] [leve:INFO] [message:定位方式：id定位值：register_password]
[2020-06-26 00:54:00] [handle_register.py] [lineno:51] [leve:INFO] [message:图像验证码为：78778]
[2020-06-26 00:54:00] [find_element.py] [lineno:29] [leve:INFO] [message:定位方式：id定位值：captcha_code]
[2020-06-26 00:54:00] [handle_register.py] [lineno:59] [leve:INFO] [message:点击'注册'按钮]
[2020-06-26 00:54:00] [find_element.py] [lineno:29] [leve:INFO] [message:定位方式：id定位值：register-btn]
[2020-06-26 00:54:00] [find_element.py] [lineno:29] [leve:INFO] [message:定位方式：id定位值：register_email-error]
[2020-06-26 00:54:12] [handle_register.py] [lineno:24] [leve:INFO] [message:输入的邮箱地址位：1@1.com]
[2020-06-26 00:54:12] [find_element.py] [lineno:29] [leve:INFO] [message:定位方式：id定位值：register_email]
[2020-06-26 00:54:12] [handle_register.py] [lineno:33] [leve:INFO] [message:输入的username为：qywdzh]
[2020-06-26 00:54:12] [find_element.py] [lineno:29] [leve:INFO] [message:定位方式：id定位值：register_nickname]
[2020-06-26 00:54:13] [handle_register.py] [lineno:42] [leve:INFO] [message:输入的password为：123456]
[2020-06-26 00:54:13] [find_element.py] [lineno:29] [leve:INFO] [message:定位方式：id定位值：register_password]
[2020-06-26 00:54:13] [handle_register.py] [lineno:51] [leve:INFO] [message:图像验证码为：78778]
[2020-06-26 00:54:13] [find_element.py] [lineno:29] [leve:INFO] [message:定位方式：id定位值：captcha_code]
[2020-06-26 00:54:13] [handle_register.py] [lineno:59] [leve:INFO] [message:点击'注册'按钮]
[2020-06-26 00:54:13] [find_element.py] [lineno:29] [leve:INFO] [message:定位方式：id定位值：register-btn]
[2020-06-26 00:54:13] [find_element.py] [lineno:29] [leve:INFO] [message:定位方式：id定位值：captcha_code-error]
[2020-06-26 00:54:26] [handle_register.py] [lineno:24] [leve:INFO] [message:输入的邮箱地址位：1@1.com]
[2020-06-26 00:54:26] [find_element.py] [lineno:29] [leve:INFO] [message:定位方式：id定位值：register_email]
[2020-06-26 00:54:26] [handle_register.py] [lineno:33] [leve:INFO] [message:输入的username为：qywdzh]
[2020-06-26 00:54:26] [find_element.py] [lineno:29] [leve:INFO] [message:定位方式：id定位值：register_nickname]
[2020-06-26 00:54:26] [handle_register.py] [lineno:42] [leve:INFO] [message:输入的password为：123456]
[2020-06-26 00:54:26] [find_element.py] [lineno:29] [leve:INFO] [message:定位方式：id定位值：register_password]
[2020-06-26 00:54:26] [handle_register.py] [lineno:51] [leve:INFO] [message:图像验证码为：78778]
[2020-06-26 00:54:26] [find_element.py] [lineno:29] [leve:INFO] [message:定位方式：id定位值：captcha_code]
[2020-06-26 00:54:26] [handle_register.py] [lineno:59] [leve:INFO] [message:点击'注册'按钮]
[2020-06-26 00:54:26] [find_element.py] [lineno:29] [leve:INFO] [message:定位方式：id定位值：register-btn]
[2020-06-26 00:54:27] [find_element.py] [lineno:29] [leve:INFO] [message:定位方式：id定位值：captcha_code-error]
[2020-06-26 00:54:38] [handle_register.py] [lineno:24] [leve:INFO] [message:输入的邮箱地址位：1@1.com]
[2020-06-26 00:54:38] [find_element.py] [lineno:29] [leve:INFO] [message:定位方式：id定位值：register_email]
[2020-06-26 00:54:38] [handle_register.py] [lineno:33] [leve:INFO] [message:输入的username为：]
[2020-06-26 00:54:38] [find_element.py] [lineno:29] [leve:INFO] [message:定位方式：id定位值：register_nickname]
[2020-06-26 00:54:39] [handle_register.py] [lineno:42] [leve:INFO] [message:输入的password为：123456]
[2020-06-26 00:54:39] [find_element.py] [lineno:29] [leve:INFO] [message:定位方式：id定位值：register_password]
[2020-06-26 00:54:39] [handle_register.py] [lineno:51] [leve:INFO] [message:图像验证码为：78778]
[2020-06-26 00:54:39] [find_element.py] [lineno:29] [leve:INFO] [message:定位方式：id定位值：captcha_code]
[2020-06-26 00:54:39] [handle_register.py] [lineno:59] [leve:INFO] [message:点击'注册'按钮]
[2020-06-26 00:54:39] [find_element.py] [lineno:29] [leve:INFO] [message:定位方式：id定位值：register-btn]
[2020-06-26 00:54:39] [find_element.py] [lineno:29] [leve:INFO] [message:定位方式：id定位值：register_nickname-error]
[2020-06-26 01:31:26] [handle_register.py] [lineno:24] [leve:INFO] [message:输入的邮箱地址位：]
[2020-06-26 01:31:26] [find_element.py] [lineno:29] [leve:INFO] [message:定位方式：id定位值：register_email]
[2020-06-26 01:31:26] [handle_register.py] [lineno:33] [leve:INFO] [message:输入的username为：qywdzh]
[2020-06-26 01:31:26] [find_element.py] [lineno:29] [leve:INFO] [message:定位方式：id定位值：register_nickname]
[2020-06-26 01:31:26] [handle_register.py] [lineno:42] [leve:INFO] [message:输入的password为：123456]
[2020-06-26 01:31:26] [find_element.py] [lineno:29] [leve:INFO] [message:定位方式：id定位值：register_password]
[2020-06-26 01:31:27] [handle_register.py] [lineno:51] [leve:INFO] [message:图像验证码为：78778]
[2020-06-26 01:31:27] [find_element.py] [lineno:29] [leve:INFO] [message:定位方式：id定位值：captcha_code]
[2020-06-26 01:31:27] [handle_register.py] [lineno:59] [leve:INFO] [message:点击'注册'按钮]
[2020-06-26 01:31:27] [find_element.py] [lineno:29] [leve:INFO] [message:定位方式：id定位值：register-btn]
[2020-06-26 01:31:39] [handle_register.py] [lineno:24] [leve:INFO] [message:输入的邮箱地址位：1@1.com]
[2020-06-26 01:31:39] [find_element.py] [lineno:29] [leve:INFO] [message:定位方式：id定位值：register_email]
[2020-06-26 01:31:39] [handle_register.py] [lineno:33] [leve:INFO] [message:输入的username为：qywdzh]
[2020-06-26 01:31:39] [find_element.py] [lineno:29] [leve:INFO] [message:定位方式：id定位值：register_nickname]
[2020-06-26 01:31:39] [handle_register.py] [lineno:42] [leve:INFO] [message:输入的password为：123456]
[2020-06-26 01:31:39] [find_element.py] [lineno:29] [leve:INFO] [message:定位方式：id定位值：register_password]
[2020-06-26 01:31:39] [handle_register.py] [lineno:51] [leve:INFO] [message:图像验证码为：78778]
[2020-06-26 01:31:39] [find_element.py] [lineno:29] [leve:INFO] [message:定位方式：id定位值：captcha_code]
[2020-06-26 01:31:39] [handle_register.py] [lineno:59] [leve:INFO] [message:点击'注册'按钮]
[2020-06-26 01:31:39] [find_element.py] [lineno:29] [leve:INFO] [message:定位方式：id定位值：register-btn]
[2020-06-26 01:34:58] [handle_register.py] [lineno:24] [leve:INFO] [message:输入的邮箱地址位：]
[2020-06-26 01:34:58] [find_element.py] [lineno:29] [leve:INFO] [message:定位方式：id定位值：register_email]
[2020-06-26 01:34:58] [handle_register.py] [lineno:33] [leve:INFO] [message:输入的username为：qywdzh]
[2020-06-26 01:34:58] [find_element.py] [lineno:29] [leve:INFO] [message:定位方式：id定位值：register_nickname]
[2020-06-26 01:34:58] [handle_register.py] [lineno:42] [leve:INFO] [message:输入的password为：123456]
[2020-06-26 01:34:58] [find_element.py] [lineno:29] [leve:INFO] [message:定位方式：id定位值：register_password]
[2020-06-26 01:34:59] [handle_register.py] [lineno:51] [leve:INFO] [message:图像验证码为：78778]
[2020-06-26 01:34:59] [find_element.py] [lineno:29] [leve:INFO] [message:定位方式：id定位值：captcha_code]
[2020-06-26 01:34:59] [handle_register.py] [lineno:59] [leve:INFO] [message:点击'注册'按钮]
[2020-06-26 01:34:59] [find_element.py] [lineno:29] [leve:INFO] [message:定位方式：id定位值：register-btn]
[2020-06-26 01:34:59] [find_element.py] [lineno:29] [leve:INFO] [message:定位方式：id定位值：register_email-error]
[2020-06-26 01:35:11] [handle_register.py] [lineno:24] [leve:INFO] [message:输入的邮箱地址位：1@1.com]
[2020-06-26 01:35:11] [find_element.py] [lineno:29] [leve:INFO] [message:定位方式：id定位值：register_email]
[2020-06-26 01:35:11] [handle_register.py] [lineno:33] [leve:INFO] [message:输入的username为：qywdzh]
[2020-06-26 01:35:11] [find_element.py] [lineno:29] [leve:INFO] [message:定位方式：id定位值：register_nickname]
[2020-06-26 01:35:11] [handle_register.py] [lineno:42] [leve:INFO] [message:输入的password为：123456]
[2020-06-26 01:35:11] [find_element.py] [lineno:29] [leve:INFO] [message:定位方式：id定位值：register_password]
[2020-06-26 01:35:11] [handle_register.py] [lineno:51] [leve:INFO] [message:图像验证码为：78778]
[2020-06-26 01:35:11] [find_element.py] [lineno:29] [leve:INFO] [message:定位方式：id定位值：captcha_code]
[2020-06-26 01:35:11] [handle_register.py] [lineno:59] [leve:INFO] [message:点击'注册'按钮]
[2020-06-26 01:35:11] [find_element.py] [lineno:29] [leve:INFO] [message:定位方式：id定位值：register-btn]
[2020-06-26 01:35:12] [find_element.py] [lineno:29] [leve:INFO] [message:定位方式：id定位值：captcha_code-error]
[2020-06-26 01:35:24] [handle_register.py] [lineno:24] [leve:INFO] [message:输入的邮箱地址位：1@1.com]
[2020-06-26 01:35:24] [find_element.py] [lineno:29] [leve:INFO] [message:定位方式：id定位值：register_email]
[2020-06-26 01:35:24] [handle_register.py] [lineno:33] [leve:INFO] [message:输入的username为：qywdzh]
[2020-06-26 01:35:24] [find_element.py] [lineno:29] [leve:INFO] [message:定位方式：id定位值：register_nickname]
[2020-06-26 01:35:24] [handle_register.py] [lineno:42] [leve:INFO] [message:输入的password为：123456]
[2020-06-26 01:35:24] [find_element.py] [lineno:29] [leve:INFO] [message:定位方式：id定位值：register_password]
[2020-06-26 01:35:24] [handle_register.py] [lineno:51] [leve:INFO] [message:图像验证码为：78778]
[2020-06-26 01:35:24] [find_element.py] [lineno:29] [leve:INFO] [message:定位方式：id定位值：captcha_code]
[2020-06-26 01:35:24] [handle_register.py] [lineno:59] [leve:INFO] [message:点击'注册'按钮]
[2020-06-26 01:35:24] [find_element.py] [lineno:29] [leve:INFO] [message:定位方式：id定位值：register-btn]
[2020-06-26 01:35:24] [find_element.py] [lineno:29] [leve:INFO] [message:定位方式：id定位值：captcha_code-error]
[2020-06-26 01:35:36] [handle_register.py] [lineno:24] [leve:INFO] [message:输入的邮箱地址位：1@1.com]
[2020-06-26 01:35:36] [find_element.py] [lineno:29] [leve:INFO] [message:定位方式：id定位值：register_email]
[2020-06-26 01:35:36] [handle_register.py] [lineno:33] [leve:INFO] [message:输入的username为：]
[2020-06-26 01:35:36] [find_element.py] [lineno:29] [leve:INFO] [message:定位方式：id定位值：register_nickname]
[2020-06-26 01:35:36] [handle_register.py] [lineno:42] [leve:INFO] [message:输入的password为：123456]
[2020-06-26 01:35:36] [find_element.py] [lineno:29] [leve:INFO] [message:定位方式：id定位值：register_password]
[2020-06-26 01:35:37] [handle_register.py] [lineno:51] [leve:INFO] [message:图像验证码为：78778]
[2020-06-26 01:35:37] [find_element.py] [lineno:29] [leve:INFO] [message:定位方式：id定位值：captcha_code]
[2020-06-26 01:35:37] [handle_register.py] [lineno:59] [leve:INFO] [message:点击'注册'按钮]
[2020-06-26 01:35:37] [find_element.py] [lineno:29] [leve:INFO] [message:定位方式：id定位值：register-btn]
[2020-06-26 01:35:37] [find_element.py] [lineno:29] [leve:INFO] [message:定位方式：id定位值：register_nickname-error]
[2020-06-26 01:39:54] [handle_register.py] [lineno:24] [leve:INFO] [message:输入的邮箱地址位：1@1.com]
[2020-06-26 01:39:54] [find_element.py] [lineno:29] [leve:INFO] [message:定位方式：id定位值：register_email]
[2020-06-26 01:39:54] [handle_register.py] [lineno:33] [leve:INFO] [message:输入的username为：qywdzh]
[2020-06-26 01:39:54] [find_element.py] [lineno:29] [leve:INFO] [message:定位方式：id定位值：register_nickname]
[2020-06-26 01:39:54] [handle_register.py] [lineno:42] [leve:INFO] [message:输入的password为：123456]
[2020-06-26 01:39:54] [find_element.py] [lineno:29] [leve:INFO] [message:定位方式：id定位值：register_password]
[2020-06-26 01:39:55] [handle_register.py] [lineno:51] [leve:INFO] [message:图像验证码为：123456]
[2020-06-26 01:39:55] [find_element.py] [lineno:29] [leve:INFO] [message:定位方式：id定位值：captcha_code]
[2020-06-26 01:39:55] [handle_register.py] [lineno:59] [leve:INFO] [message:点击'注册'按钮]
[2020-06-26 01:39:55] [find_element.py] [lineno:29] [leve:INFO] [message:定位方式：id定位值：register-btn]
[2020-06-26 01:39:55] [test_register_ddtCase.py] [lineno:31] [leve:INFO] [message:register_001--->test pass !]
[2020-06-26 01:40:07] [handle_register.py] [lineno:24] [leve:INFO] [message:输入的邮箱地址位：]
[2020-06-26 01:40:07] [find_element.py] [lineno:29] [leve:INFO] [message:定位方式：id定位值：register_email]
[2020-06-26 01:40:07] [handle_register.py] [lineno:33] [leve:INFO] [message:输入的username为：qywdzh]
[2020-06-26 01:40:07] [find_element.py] [lineno:29] [leve:INFO] [message:定位方式：id定位值：register_nickname]
[2020-06-26 01:40:07] [handle_register.py] [lineno:42] [leve:INFO] [message:输入的password为：123456]
[2020-06-26 01:40:07] [find_element.py] [lineno:29] [leve:INFO] [message:定位方式：id定位值：register_password]
[2020-06-26 01:40:07] [handle_register.py] [lineno:51] [leve:INFO] [message:图像验证码为：12345]
[2020-06-26 01:40:07] [find_element.py] [lineno:29] [leve:INFO] [message:定位方式：id定位值：captcha_code]
[2020-06-26 01:40:07] [handle_register.py] [lineno:59] [leve:INFO] [message:点击'注册'按钮]
[2020-06-26 01:40:07] [find_element.py] [lineno:29] [leve:INFO] [message:定位方式：id定位值：register-btn]
[2020-06-26 01:40:08] [find_element.py] [lineno:29] [leve:INFO] [message:定位方式：id定位值：register_email-error]
[2020-06-26 01:40:08] [test_register_ddtCase.py] [lineno:31] [leve:INFO] [message:register_002--->test pass !]
[2020-06-26 01:40:19] [handle_register.py] [lineno:24] [leve:INFO] [message:输入的邮箱地址位：1@1.com]
[2020-06-26 01:40:19] [find_element.py] [lineno:29] [leve:INFO] [message:定位方式：id定位值：register_email]
[2020-06-26 01:40:19] [handle_register.py] [lineno:33] [leve:INFO] [message:输入的username为：]
[2020-06-26 01:40:19] [find_element.py] [lineno:29] [leve:INFO] [message:定位方式：id定位值：register_nickname]
[2020-06-26 01:40:19] [handle_register.py] [lineno:42] [leve:INFO] [message:输入的password为：123456]
[2020-06-26 01:40:19] [find_element.py] [lineno:29] [leve:INFO] [message:定位方式：id定位值：register_password]
[2020-06-26 01:40:20] [handle_register.py] [lineno:51] [leve:INFO] [message:图像验证码为：12345]
[2020-06-26 01:40:20] [find_element.py] [lineno:29] [leve:INFO] [message:定位方式：id定位值：captcha_code]
[2020-06-26 01:40:20] [handle_register.py] [lineno:59] [leve:INFO] [message:点击'注册'按钮]
[2020-06-26 01:40:20] [find_element.py] [lineno:29] [leve:INFO] [message:定位方式：id定位值：register-btn]
[2020-06-26 01:40:20] [find_element.py] [lineno:29] [leve:INFO] [message:定位方式：id定位值：register_nickname-error]
[2020-06-26 01:40:20] [test_register_ddtCase.py] [lineno:31] [leve:INFO] [message:register_003--->test pass !]
[2020-06-26 01:40:32] [handle_register.py] [lineno:24] [leve:INFO] [message:输入的邮箱地址位：1@1.com]
[2020-06-26 01:40:32] [find_element.py] [lineno:29] [leve:INFO] [message:定位方式：id定位值：register_email]
[2020-06-26 01:40:32] [handle_register.py] [lineno:33] [leve:INFO] [message:输入的username为：qywdzh]
[2020-06-26 01:40:32] [find_element.py] [lineno:29] [leve:INFO] [message:定位方式：id定位值：register_nickname]
[2020-06-26 01:40:32] [handle_register.py] [lineno:42] [leve:INFO] [message:输入的password为：]
[2020-06-26 01:40:32] [find_element.py] [lineno:29] [leve:INFO] [message:定位方式：id定位值：register_password]
[2020-06-26 01:40:32] [handle_register.py] [lineno:51] [leve:INFO] [message:图像验证码为：12345]
[2020-06-26 01:40:32] [find_element.py] [lineno:29] [leve:INFO] [message:定位方式：id定位值：captcha_code]
[2020-06-26 01:40:32] [handle_register.py] [lineno:59] [leve:INFO] [message:点击'注册'按钮]
[2020-06-26 01:40:32] [find_element.py] [lineno:29] [leve:INFO] [message:定位方式：id定位值：register-btn]
[2020-06-26 01:40:33] [find_element.py] [lineno:29] [leve:INFO] [message:定位方式：id定位值：register_password-error]
[2020-06-26 01:40:33] [test_register_ddtCase.py] [lineno:31] [leve:INFO] [message:register_004--->test pass !]
[2020-06-26 01:40:45] [handle_register.py] [lineno:24] [leve:INFO] [message:输入的邮箱地址位：1@1.com]
[2020-06-26 01:40:45] [find_element.py] [lineno:29] [leve:INFO] [message:定位方式：id定位值：register_email]
[2020-06-26 01:40:45] [handle_register.py] [lineno:33] [leve:INFO] [message:输入的username为：qywdzh]
[2020-06-26 01:40:45] [find_element.py] [lineno:29] [leve:INFO] [message:定位方式：id定位值：register_nickname]
[2020-06-26 01:40:45] [handle_register.py] [lineno:42] [leve:INFO] [message:输入的password为：123456]
[2020-06-26 01:40:45] [find_element.py] [lineno:29] [leve:INFO] [message:定位方式：id定位值：register_password]
[2020-06-26 01:40:45] [handle_register.py] [lineno:51] [leve:INFO] [message:图像验证码为：]
[2020-06-26 01:40:45] [find_element.py] [lineno:29] [leve:INFO] [message:定位方式：id定位值：captcha_code]
[2020-06-26 01:40:45] [handle_register.py] [lineno:59] [leve:INFO] [message:点击'注册'按钮]
[2020-06-26 01:40:45] [find_element.py] [lineno:29] [leve:INFO] [message:定位方式：id定位值：register-btn]
[2020-06-26 01:40:45] [find_element.py] [lineno:29] [leve:INFO] [message:定位方式：id定位值：captcha_code-error]
[2020-06-26 01:40:45] [test_register_ddtCase.py] [lineno:31] [leve:INFO] [message:register_005--->test pass !]
