[2020-06-30 11:04:29] [find_element.py] [lineno:29] [leve:INFO] [message:定位方式：id定位值：register_email]
[2020-06-30 13:41:31] [find_element.py] [lineno:29] [leve:INFO] [message:定位方式：id定位值：register_email]
[2020-06-30 13:47:01] [find_element.py] [lineno:29] [leve:INFO] [message:定位方式：id定位值：register_email]
[2020-06-30 13:47:01] [find_element.py] [lineno:29] [leve:INFO] [message:定位方式：id定位值：register-btn]
[2020-06-30 14:00:28] [find_element.py] [lineno:29] [leve:INFO] [message:定位方式：id定位值：register_email]
[2020-06-30 14:00:28] [find_element.py] [lineno:29] [leve:INFO] [message:定位方式：id定位值：register-btn]
[2020-06-30 14:02:03] [find_element.py] [lineno:29] [leve:INFO] [message:定位方式：id定位值：register_email]
[2020-06-30 14:02:04] [find_element.py] [lineno:29] [leve:INFO] [message:定位方式：id定位值：register-btn]
[2020-06-30 14:04:34] [find_element.py] [lineno:29] [leve:INFO] [message:定位方式：id定位值：register_email]
[2020-06-30 14:04:35] [find_element.py] [lineno:29] [leve:INFO] [message:定位方式：id定位值：register-btn]
[2020-06-30 14:18:13] [find_element.py] [lineno:29] [leve:INFO] [message:定位方式：id定位值：register_email]
[2020-06-30 14:18:13] [find_element.py] [lineno:29] [leve:INFO] [message:定位方式：id定位值：register_nickname]
[2020-06-30 14:18:14] [find_element.py] [lineno:29] [leve:INFO] [message:定位方式：id定位值：register_password]
[2020-06-30 14:21:06] [find_element.py] [lineno:29] [leve:INFO] [message:定位方式：id定位值：register_email]
[2020-06-30 14:21:06] [find_element.py] [lineno:29] [leve:INFO] [message:定位方式：id定位值：register_nickname]
[2020-06-30 14:21:07] [find_element.py] [lineno:29] [leve:INFO] [message:定位方式：id定位值：register_password]
[2020-06-30 14:22:40] [find_element.py] [lineno:29] [leve:INFO] [message:定位方式：id定位值：register_email]
[2020-06-30 14:22:40] [find_element.py] [lineno:29] [leve:INFO] [message:定位方式：id定位值：register_nickname]
[2020-06-30 14:22:41] [find_element.py] [lineno:29] [leve:INFO] [message:定位方式：id定位值：register_password]
[2020-06-30 14:25:17] [find_element.py] [lineno:29] [leve:INFO] [message:定位方式：id定位值：register_email]
[2020-06-30 14:25:17] [find_element.py] [lineno:29] [leve:INFO] [message:定位方式：id定位值：register_nickname]
[2020-06-30 14:25:18] [find_element.py] [lineno:29] [leve:INFO] [message:定位方式：id定位值：register_password]
[2020-06-30 14:25:18] [find_element.py] [lineno:29] [leve:INFO] [message:定位方式：id定位值：captcha_code]
[2020-06-30 14:27:16] [find_element.py] [lineno:29] [leve:INFO] [message:定位方式：id定位值：register_email]
[2020-06-30 14:27:17] [find_element.py] [lineno:29] [leve:INFO] [message:定位方式：id定位值：register_nickname]
[2020-06-30 14:27:17] [find_element.py] [lineno:29] [leve:INFO] [message:定位方式：id定位值：register_password]
[2020-06-30 14:27:18] [find_element.py] [lineno:29] [leve:INFO] [message:定位方式：id定位值：captcha_code]
[2020-06-30 14:27:18] [find_element.py] [lineno:29] [leve:INFO] [message:定位方式：id定位值：register-btn]
[2020-06-30 14:44:49] [find_element.py] [lineno:29] [leve:INFO] [message:定位方式：id定位值：register_email]
[2020-06-30 14:44:49] [find_element.py] [lineno:29] [leve:INFO] [message:定位方式：id定位值：register_nickname]
[2020-06-30 14:44:50] [find_element.py] [lineno:29] [leve:INFO] [message:定位方式：id定位值：register_password]
[2020-06-30 14:44:50] [find_element.py] [lineno:29] [leve:INFO] [message:定位方式：id定位值：captcha_code]
[2020-06-30 14:44:50] [find_element.py] [lineno:29] [leve:INFO] [message:定位方式：id定位值：register-btn]
[2020-06-30 14:57:23] [find_element.py] [lineno:29] [leve:INFO] [message:定位方式：id定位值：register_email]
[2020-06-30 14:57:23] [find_element.py] [lineno:29] [leve:INFO] [message:定位方式：id定位值：register_nickname]
[2020-06-30 14:57:24] [find_element.py] [lineno:29] [leve:INFO] [message:定位方式：id定位值：register_password]
[2020-06-30 14:57:24] [find_element.py] [lineno:29] [leve:INFO] [message:定位方式：id定位值：captcha_code]
[2020-06-30 14:57:25] [find_element.py] [lineno:29] [leve:INFO] [message:定位方式：id定位值：register-btn]
[2020-06-30 21:23:30] [find_element.py] [lineno:29] [leve:INFO] [message:定位方式：id定位值：register_email]
[2020-06-30 21:23:30] [find_element.py] [lineno:29] [leve:INFO] [message:定位方式：id定位值：register_nickname]
[2020-06-30 21:23:30] [find_element.py] [lineno:29] [leve:INFO] [message:定位方式：id定位值：register_password]
[2020-06-30 21:23:31] [find_element.py] [lineno:29] [leve:INFO] [message:定位方式：id定位值：captcha_code]
[2020-06-30 21:23:31] [find_element.py] [lineno:29] [leve:INFO] [message:定位方式：id定位值：register-btn]
[2020-06-30 23:29:36] [find_element.py] [lineno:29] [leve:INFO] [message:定位方式：id定位值：register_email]
[2020-06-30 23:29:36] [find_element.py] [lineno:29] [leve:INFO] [message:定位方式：id定位值：register_nickname]
[2020-06-30 23:29:37] [find_element.py] [lineno:29] [leve:INFO] [message:定位方式：id定位值：register_password]
[2020-06-30 23:29:37] [find_element.py] [lineno:29] [leve:INFO] [message:定位方式：id定位值：captcha_code]
[2020-06-30 23:29:37] [find_element.py] [lineno:29] [leve:INFO] [message:定位方式：id定位值：register-btn]
[2020-06-30 23:38:18] [find_element.py] [lineno:29] [leve:INFO] [message:定位方式：id定位值：register_email]
[2020-06-30 23:38:18] [find_element.py] [lineno:29] [leve:INFO] [message:定位方式：id定位值：register_nickname]
[2020-06-30 23:38:18] [find_element.py] [lineno:29] [leve:INFO] [message:定位方式：id定位值：register_password]
[2020-06-30 23:38:19] [find_element.py] [lineno:29] [leve:INFO] [message:定位方式：id定位值：captcha_code]
[2020-06-30 23:38:19] [find_element.py] [lineno:29] [leve:INFO] [message:定位方式：id定位值：register-btn]
[2020-06-30 23:39:26] [find_element.py] [lineno:29] [leve:INFO] [message:定位方式：id定位值：register_email]
[2020-06-30 23:39:26] [find_element.py] [lineno:29] [leve:INFO] [message:定位方式：id定位值：register_nickname]
[2020-06-30 23:39:26] [find_element.py] [lineno:29] [leve:INFO] [message:定位方式：id定位值：register_password]
[2020-06-30 23:39:27] [find_element.py] [lineno:29] [leve:INFO] [message:定位方式：id定位值：captcha_code]
[2020-06-30 23:39:27] [find_element.py] [lineno:29] [leve:INFO] [message:定位方式：id定位值：register-btn]
[2020-06-30 23:40:08] [find_element.py] [lineno:29] [leve:INFO] [message:定位方式：id定位值：register_email]
[2020-06-30 23:40:08] [find_element.py] [lineno:29] [leve:INFO] [message:定位方式：id定位值：register_nickname]
[2020-06-30 23:40:09] [find_element.py] [lineno:29] [leve:INFO] [message:定位方式：id定位值：register_password]
[2020-06-30 23:40:10] [find_element.py] [lineno:29] [leve:INFO] [message:定位方式：id定位值：captcha_code]
[2020-06-30 23:40:10] [find_element.py] [lineno:29] [leve:INFO] [message:定位方式：id定位值：register-btn]
[2020-06-30 23:41:08] [find_element.py] [lineno:29] [leve:INFO] [message:定位方式：id定位值：register_email]
[2020-06-30 23:41:08] [find_element.py] [lineno:29] [leve:INFO] [message:定位方式：id定位值：register_nickname]
[2020-06-30 23:41:09] [find_element.py] [lineno:29] [leve:INFO] [message:定位方式：id定位值：register_password]
[2020-06-30 23:41:09] [find_element.py] [lineno:29] [leve:INFO] [message:定位方式：id定位值：captcha_code]
[2020-06-30 23:41:09] [find_element.py] [lineno:29] [leve:INFO] [message:定位方式：id定位值：register-btn]
[2020-06-30 23:56:32] [find_element.py] [lineno:29] [leve:INFO] [message:定位方式：id定位值：register_email]
[2020-06-30 23:56:33] [find_element.py] [lineno:29] [leve:INFO] [message:定位方式：id定位值：register_nickname]
[2020-06-30 23:56:33] [find_element.py] [lineno:29] [leve:INFO] [message:定位方式：id定位值：register_password]
[2020-06-30 23:56:34] [find_element.py] [lineno:29] [leve:INFO] [message:定位方式：id定位值：captcha_code]
[2020-06-30 23:56:34] [find_element.py] [lineno:29] [leve:INFO] [message:定位方式：id定位值：register-btn]
