[2020-06-25 00:42:17] [handle_register.py] [lineno:24] [leve:INFO] [message:输入的邮箱地址位：1@1.com]
[2020-06-25 00:42:17] [find_element.py] [lineno:29] [leve:INFO] [message:定位方式：id定位值：register_email]
[2020-06-25 00:42:17] [handle_register.py] [lineno:33] [leve:INFO] [message:输入的username为：qywdzh]
[2020-06-25 00:42:17] [find_element.py] [lineno:29] [leve:INFO] [message:定位方式：id定位值：register_nickname]
[2020-06-25 00:42:17] [handle_register.py] [lineno:42] [leve:INFO] [message:输入的password为：123456]
[2020-06-25 00:42:17] [find_element.py] [lineno:29] [leve:INFO] [message:定位方式：id定位值：register_password]
[2020-06-25 00:42:18] [handle_register.py] [lineno:51] [leve:INFO] [message:图像验证码为：123456]
[2020-06-25 00:42:18] [find_element.py] [lineno:29] [leve:INFO] [message:定位方式：id定位值：captcha_code]
[2020-06-25 00:42:18] [handle_register.py] [lineno:59] [leve:INFO] [message:点击'注册'按钮]
[2020-06-25 00:42:18] [find_element.py] [lineno:29] [leve:INFO] [message:定位方式：id定位值：register-btn]
[2020-06-25 00:42:46] [handle_register.py] [lineno:24] [leve:INFO] [message:输入的邮箱地址位：1@1.com]
[2020-06-25 00:42:46] [find_element.py] [lineno:29] [leve:INFO] [message:定位方式：id定位值：register_email]
[2020-06-25 00:42:47] [handle_register.py] [lineno:33] [leve:INFO] [message:输入的username为：qywdzh]
[2020-06-25 00:42:47] [find_element.py] [lineno:29] [leve:INFO] [message:定位方式：id定位值：register_nickname]
[2020-06-25 00:42:47] [handle_register.py] [lineno:42] [leve:INFO] [message:输入的password为：123456]
[2020-06-25 00:42:47] [find_element.py] [lineno:29] [leve:INFO] [message:定位方式：id定位值：register_password]
[2020-06-25 00:42:47] [handle_register.py] [lineno:51] [leve:INFO] [message:图像验证码为：123456]
[2020-06-25 00:42:47] [find_element.py] [lineno:29] [leve:INFO] [message:定位方式：id定位值：captcha_code]
[2020-06-25 00:42:47] [handle_register.py] [lineno:59] [leve:INFO] [message:点击'注册'按钮]
[2020-06-25 00:42:47] [find_element.py] [lineno:29] [leve:INFO] [message:定位方式：id定位值：register-btn]
[2020-06-25 00:42:47] [find_element.py] [lineno:29] [leve:INFO] [message:定位方式：id定位值：captcha_code-error]
[2020-06-25 00:44:42] [handle_register.py] [lineno:24] [leve:INFO] [message:输入的邮箱地址位：]
[2020-06-25 00:44:42] [find_element.py] [lineno:29] [leve:INFO] [message:定位方式：id定位值：register_email]
[2020-06-25 00:44:42] [handle_register.py] [lineno:33] [leve:INFO] [message:输入的username为：qywdzh]
[2020-06-25 00:44:42] [find_element.py] [lineno:29] [leve:INFO] [message:定位方式：id定位值：register_nickname]
[2020-06-25 00:44:42] [handle_register.py] [lineno:42] [leve:INFO] [message:输入的password为：123456]
[2020-06-25 00:44:42] [find_element.py] [lineno:29] [leve:INFO] [message:定位方式：id定位值：register_password]
[2020-06-25 00:44:43] [handle_register.py] [lineno:51] [leve:INFO] [message:图像验证码为：123456]
[2020-06-25 00:44:43] [find_element.py] [lineno:29] [leve:INFO] [message:定位方式：id定位值：captcha_code]
[2020-06-25 00:44:43] [handle_register.py] [lineno:59] [leve:INFO] [message:点击'注册'按钮]
[2020-06-25 00:44:43] [find_element.py] [lineno:29] [leve:INFO] [message:定位方式：id定位值：register-btn]
[2020-06-25 00:44:43] [find_element.py] [lineno:29] [leve:INFO] [message:定位方式：id定位值：captcha_code-error]
[2020-06-25 00:48:12] [handle_register.py] [lineno:24] [leve:INFO] [message:输入的邮箱地址位：]
[2020-06-25 00:48:12] [find_element.py] [lineno:29] [leve:INFO] [message:定位方式：id定位值：register_email]
[2020-06-25 00:48:12] [handle_register.py] [lineno:33] [leve:INFO] [message:输入的username为：qywdzh]
[2020-06-25 00:48:12] [find_element.py] [lineno:29] [leve:INFO] [message:定位方式：id定位值：register_nickname]
[2020-06-25 00:48:12] [handle_register.py] [lineno:42] [leve:INFO] [message:输入的password为：123456]
[2020-06-25 00:48:12] [find_element.py] [lineno:29] [leve:INFO] [message:定位方式：id定位值：register_password]
[2020-06-25 00:48:13] [handle_register.py] [lineno:51] [leve:INFO] [message:图像验证码为：123456]
[2020-06-25 00:48:13] [find_element.py] [lineno:29] [leve:INFO] [message:定位方式：id定位值：captcha_code]
[2020-06-25 00:48:13] [handle_register.py] [lineno:59] [leve:INFO] [message:点击'注册'按钮]
[2020-06-25 00:48:13] [find_element.py] [lineno:29] [leve:INFO] [message:定位方式：id定位值：register-btn]
[2020-06-25 00:48:13] [find_element.py] [lineno:29] [leve:INFO] [message:定位方式：id定位值：captcha_code-error]
[2020-06-25 00:50:19] [handle_register.py] [lineno:24] [leve:INFO] [message:输入的邮箱地址位：]
[2020-06-25 00:50:19] [find_element.py] [lineno:29] [leve:INFO] [message:定位方式：id定位值：register_email]
[2020-06-25 00:50:20] [handle_register.py] [lineno:33] [leve:INFO] [message:输入的username为：qywdzh]
[2020-06-25 00:50:20] [find_element.py] [lineno:29] [leve:INFO] [message:定位方式：id定位值：register_nickname]
[2020-06-25 00:50:20] [handle_register.py] [lineno:42] [leve:INFO] [message:输入的password为：123456]
[2020-06-25 00:50:20] [find_element.py] [lineno:29] [leve:INFO] [message:定位方式：id定位值：register_password]
[2020-06-25 00:50:20] [handle_register.py] [lineno:51] [leve:INFO] [message:图像验证码为：123456]
[2020-06-25 00:50:20] [find_element.py] [lineno:29] [leve:INFO] [message:定位方式：id定位值：captcha_code]
[2020-06-25 00:50:20] [handle_register.py] [lineno:59] [leve:INFO] [message:点击'注册'按钮]
[2020-06-25 00:50:20] [find_element.py] [lineno:29] [leve:INFO] [message:定位方式：id定位值：register-btn]
[2020-06-25 00:50:20] [find_element.py] [lineno:29] [leve:INFO] [message:定位方式：id定位值：captcha_code-error]
[2020-06-25 00:55:29] [handle_register.py] [lineno:24] [leve:INFO] [message:输入的邮箱地址位：]
[2020-06-25 00:55:29] [find_element.py] [lineno:29] [leve:INFO] [message:定位方式：id定位值：register_email]
[2020-06-25 00:55:29] [handle_register.py] [lineno:33] [leve:INFO] [message:输入的username为：qywdzh]
[2020-06-25 00:55:29] [find_element.py] [lineno:29] [leve:INFO] [message:定位方式：id定位值：register_nickname]
[2020-06-25 00:55:29] [handle_register.py] [lineno:42] [leve:INFO] [message:输入的password为：123456]
[2020-06-25 00:55:29] [find_element.py] [lineno:29] [leve:INFO] [message:定位方式：id定位值：register_password]
[2020-06-25 00:55:30] [handle_register.py] [lineno:51] [leve:INFO] [message:图像验证码为：123456]
[2020-06-25 00:55:30] [find_element.py] [lineno:29] [leve:INFO] [message:定位方式：id定位值：captcha_code]
[2020-06-25 00:55:30] [handle_register.py] [lineno:59] [leve:INFO] [message:点击'注册'按钮]
[2020-06-25 00:55:30] [find_element.py] [lineno:29] [leve:INFO] [message:定位方式：id定位值：register-btn]
[2020-06-25 00:55:30] [find_element.py] [lineno:29] [leve:INFO] [message:定位方式：id定位值：captcha_code-error]
[2020-06-25 00:56:56] [handle_register.py] [lineno:24] [leve:INFO] [message:输入的邮箱地址位：]
[2020-06-25 00:56:56] [find_element.py] [lineno:29] [leve:INFO] [message:定位方式：id定位值：register_email]
[2020-06-25 00:56:56] [handle_register.py] [lineno:33] [leve:INFO] [message:输入的username为：qywdzh]
[2020-06-25 00:56:56] [find_element.py] [lineno:29] [leve:INFO] [message:定位方式：id定位值：register_nickname]
[2020-06-25 00:56:56] [handle_register.py] [lineno:42] [leve:INFO] [message:输入的password为：123456]
[2020-06-25 00:56:56] [find_element.py] [lineno:29] [leve:INFO] [message:定位方式：id定位值：register_password]
[2020-06-25 00:56:56] [handle_register.py] [lineno:51] [leve:INFO] [message:图像验证码为：123456]
[2020-06-25 00:56:56] [find_element.py] [lineno:29] [leve:INFO] [message:定位方式：id定位值：captcha_code]
[2020-06-25 00:56:56] [handle_register.py] [lineno:59] [leve:INFO] [message:点击'注册'按钮]
[2020-06-25 00:56:56] [find_element.py] [lineno:29] [leve:INFO] [message:定位方式：id定位值：register-btn]
[2020-06-25 00:56:57] [find_element.py] [lineno:29] [leve:INFO] [message:定位方式：id定位值：captcha_code-error]
[2020-06-25 01:05:01] [handle_register.py] [lineno:24] [leve:INFO] [message:输入的邮箱地址位：]
[2020-06-25 01:05:01] [find_element.py] [lineno:29] [leve:INFO] [message:定位方式：id定位值：register_email]
[2020-06-25 01:05:01] [handle_register.py] [lineno:33] [leve:INFO] [message:输入的username为：qywdzh]
[2020-06-25 01:05:01] [find_element.py] [lineno:29] [leve:INFO] [message:定位方式：id定位值：register_nickname]
[2020-06-25 01:05:01] [handle_register.py] [lineno:42] [leve:INFO] [message:输入的password为：123456]
[2020-06-25 01:05:01] [find_element.py] [lineno:29] [leve:INFO] [message:定位方式：id定位值：register_password]
[2020-06-25 01:05:01] [handle_register.py] [lineno:51] [leve:INFO] [message:图像验证码为：123]
[2020-06-25 01:05:01] [find_element.py] [lineno:29] [leve:INFO] [message:定位方式：id定位值：captcha_code]
[2020-06-25 01:05:01] [handle_register.py] [lineno:59] [leve:INFO] [message:点击'注册'按钮]
[2020-06-25 01:05:01] [find_element.py] [lineno:29] [leve:INFO] [message:定位方式：id定位值：register-btn]
[2020-06-25 01:06:34] [handle_register.py] [lineno:24] [leve:INFO] [message:输入的邮箱地址位：]
[2020-06-25 01:06:34] [find_element.py] [lineno:29] [leve:INFO] [message:定位方式：id定位值：register_email]
[2020-06-25 01:06:34] [handle_register.py] [lineno:33] [leve:INFO] [message:输入的username为：qywdzh]
[2020-06-25 01:06:34] [find_element.py] [lineno:29] [leve:INFO] [message:定位方式：id定位值：register_nickname]
[2020-06-25 01:06:34] [handle_register.py] [lineno:42] [leve:INFO] [message:输入的password为：123456]
[2020-06-25 01:06:34] [find_element.py] [lineno:29] [leve:INFO] [message:定位方式：id定位值：register_password]
[2020-06-25 01:06:34] [handle_register.py] [lineno:51] [leve:INFO] [message:图像验证码为：123]
[2020-06-25 01:06:34] [find_element.py] [lineno:29] [leve:INFO] [message:定位方式：id定位值：captcha_code]
[2020-06-25 01:06:34] [handle_register.py] [lineno:59] [leve:INFO] [message:点击'注册'按钮]
[2020-06-25 01:06:34] [find_element.py] [lineno:29] [leve:INFO] [message:定位方式：id定位值：register-btn]
[2020-06-25 01:06:35] [find_element.py] [lineno:29] [leve:INFO] [message:定位方式：id定位值：captcha_code-error]
[2020-06-25 01:18:20] [handle_register.py] [lineno:24] [leve:INFO] [message:输入的邮箱地址位：]
[2020-06-25 01:18:20] [find_element.py] [lineno:29] [leve:INFO] [message:定位方式：id定位值：register_email]
[2020-06-25 01:18:20] [handle_register.py] [lineno:33] [leve:INFO] [message:输入的username为：qywdzh]
[2020-06-25 01:18:20] [find_element.py] [lineno:29] [leve:INFO] [message:定位方式：id定位值：register_nickname]
[2020-06-25 01:18:20] [handle_register.py] [lineno:42] [leve:INFO] [message:输入的password为：123456]
[2020-06-25 01:18:20] [find_element.py] [lineno:29] [leve:INFO] [message:定位方式：id定位值：register_password]
[2020-06-25 01:18:21] [handle_register.py] [lineno:51] [leve:INFO] [message:图像验证码为：123]
[2020-06-25 01:18:21] [find_element.py] [lineno:29] [leve:INFO] [message:定位方式：id定位值：captcha_code]
[2020-06-25 01:18:21] [handle_register.py] [lineno:59] [leve:INFO] [message:点击'注册'按钮]
[2020-06-25 01:18:21] [find_element.py] [lineno:29] [leve:INFO] [message:定位方式：id定位值：register-btn]
[2020-06-25 01:18:21] [find_element.py] [lineno:29] [leve:INFO] [message:定位方式：id定位值：register_email-error]
[2020-06-25 01:20:11] [handle_register.py] [lineno:24] [leve:INFO] [message:输入的邮箱地址位：1@2314]
[2020-06-25 01:20:11] [find_element.py] [lineno:29] [leve:INFO] [message:定位方式：id定位值：register_email]
[2020-06-25 01:20:11] [handle_register.py] [lineno:33] [leve:INFO] [message:输入的username为：]
[2020-06-25 01:20:11] [find_element.py] [lineno:29] [leve:INFO] [message:定位方式：id定位值：register_nickname]
[2020-06-25 01:20:11] [handle_register.py] [lineno:42] [leve:INFO] [message:输入的password为：123456]
[2020-06-25 01:20:11] [find_element.py] [lineno:29] [leve:INFO] [message:定位方式：id定位值：register_password]
[2020-06-25 01:20:11] [handle_register.py] [lineno:51] [leve:INFO] [message:图像验证码为：123]
[2020-06-25 01:20:11] [find_element.py] [lineno:29] [leve:INFO] [message:定位方式：id定位值：captcha_code]
[2020-06-25 01:20:11] [handle_register.py] [lineno:59] [leve:INFO] [message:点击'注册'按钮]
[2020-06-25 01:20:11] [find_element.py] [lineno:29] [leve:INFO] [message:定位方式：id定位值：register-btn]
[2020-06-25 01:20:11] [find_element.py] [lineno:29] [leve:INFO] [message:定位方式：id定位值：register_nickname-error]
[2020-06-25 01:21:08] [handle_register.py] [lineno:24] [leve:INFO] [message:输入的邮箱地址位：1@2314]
[2020-06-25 01:21:08] [find_element.py] [lineno:29] [leve:INFO] [message:定位方式：id定位值：register_email]
[2020-06-25 01:21:08] [handle_register.py] [lineno:33] [leve:INFO] [message:输入的username为：qywdzh]
[2020-06-25 01:21:08] [find_element.py] [lineno:29] [leve:INFO] [message:定位方式：id定位值：register_nickname]
[2020-06-25 01:21:08] [handle_register.py] [lineno:42] [leve:INFO] [message:输入的password为：]
[2020-06-25 01:21:08] [find_element.py] [lineno:29] [leve:INFO] [message:定位方式：id定位值：register_password]
[2020-06-25 01:21:08] [handle_register.py] [lineno:51] [leve:INFO] [message:图像验证码为：123]
[2020-06-25 01:21:08] [find_element.py] [lineno:29] [leve:INFO] [message:定位方式：id定位值：captcha_code]
[2020-06-25 01:21:08] [handle_register.py] [lineno:59] [leve:INFO] [message:点击'注册'按钮]
[2020-06-25 01:21:08] [find_element.py] [lineno:29] [leve:INFO] [message:定位方式：id定位值：register-btn]
[2020-06-25 01:21:09] [find_element.py] [lineno:29] [leve:INFO] [message:定位方式：id定位值：register_password-error]
[2020-06-25 01:22:01] [handle_register.py] [lineno:24] [leve:INFO] [message:输入的邮箱地址位：1@2314]
[2020-06-25 01:22:01] [find_element.py] [lineno:29] [leve:INFO] [message:定位方式：id定位值：register_email]
[2020-06-25 01:22:01] [handle_register.py] [lineno:33] [leve:INFO] [message:输入的username为：qywdzh]
[2020-06-25 01:22:01] [find_element.py] [lineno:29] [leve:INFO] [message:定位方式：id定位值：register_nickname]
[2020-06-25 01:22:02] [handle_register.py] [lineno:42] [leve:INFO] [message:输入的password为：1231]
[2020-06-25 01:22:02] [find_element.py] [lineno:29] [leve:INFO] [message:定位方式：id定位值：register_password]
[2020-06-25 01:22:02] [handle_register.py] [lineno:51] [leve:INFO] [message:图像验证码为：]
[2020-06-25 01:22:02] [find_element.py] [lineno:29] [leve:INFO] [message:定位方式：id定位值：captcha_code]
[2020-06-25 01:22:02] [handle_register.py] [lineno:59] [leve:INFO] [message:点击'注册'按钮]
[2020-06-25 01:22:02] [find_element.py] [lineno:29] [leve:INFO] [message:定位方式：id定位值：register-btn]
[2020-06-25 01:22:02] [find_element.py] [lineno:29] [leve:INFO] [message:定位方式：id定位值：captcha_code-error]
[2020-06-25 01:23:06] [handle_register.py] [lineno:24] [leve:INFO] [message:输入的邮箱地址位：1@2314]
[2020-06-25 01:23:06] [find_element.py] [lineno:29] [leve:INFO] [message:定位方式：id定位值：register_email]
[2020-06-25 01:23:06] [handle_register.py] [lineno:33] [leve:INFO] [message:输入的username为：qywdzh]
[2020-06-25 01:23:06] [find_element.py] [lineno:29] [leve:INFO] [message:定位方式：id定位值：register_nickname]
[2020-06-25 01:23:06] [handle_register.py] [lineno:42] [leve:INFO] [message:输入的password为：1231]
[2020-06-25 01:23:06] [find_element.py] [lineno:29] [leve:INFO] [message:定位方式：id定位值：register_password]
[2020-06-25 01:23:07] [handle_register.py] [lineno:51] [leve:INFO] [message:图像验证码为：1314]
[2020-06-25 01:23:07] [find_element.py] [lineno:29] [leve:INFO] [message:定位方式：id定位值：captcha_code]
[2020-06-25 01:23:07] [handle_register.py] [lineno:59] [leve:INFO] [message:点击'注册'按钮]
[2020-06-25 01:23:07] [find_element.py] [lineno:29] [leve:INFO] [message:定位方式：id定位值：register-btn]
[2020-06-25 01:53:07] [handle_register.py] [lineno:24] [leve:INFO] [message:输入的邮箱地址位：1@1.com]
[2020-06-25 01:53:07] [find_element.py] [lineno:29] [leve:INFO] [message:定位方式：id定位值：register_email]
[2020-06-25 01:53:07] [handle_register.py] [lineno:33] [leve:INFO] [message:输入的username为：qywdzh]
[2020-06-25 01:53:07] [find_element.py] [lineno:29] [leve:INFO] [message:定位方式：id定位值：register_nickname]
[2020-06-25 01:53:07] [handle_register.py] [lineno:42] [leve:INFO] [message:输入的password为：123456]
[2020-06-25 01:53:07] [find_element.py] [lineno:29] [leve:INFO] [message:定位方式：id定位值：register_password]
[2020-06-25 01:53:07] [handle_register.py] [lineno:51] [leve:INFO] [message:图像验证码为：123456]
[2020-06-25 01:53:07] [find_element.py] [lineno:29] [leve:INFO] [message:定位方式：id定位值：captcha_code]
[2020-06-25 01:53:07] [handle_register.py] [lineno:59] [leve:INFO] [message:点击'注册'按钮]
[2020-06-25 01:53:07] [find_element.py] [lineno:29] [leve:INFO] [message:定位方式：id定位值：register-btn]
[2020-06-25 01:53:19] [handle_register.py] [lineno:24] [leve:INFO] [message:输入的邮箱地址位：]
[2020-06-25 01:53:19] [find_element.py] [lineno:29] [leve:INFO] [message:定位方式：id定位值：register_email]
[2020-06-25 01:53:20] [handle_register.py] [lineno:33] [leve:INFO] [message:输入的username为：qywdzh]
[2020-06-25 01:53:20] [find_element.py] [lineno:29] [leve:INFO] [message:定位方式：id定位值：register_nickname]
[2020-06-25 01:53:20] [handle_register.py] [lineno:42] [leve:INFO] [message:输入的password为：123456]
[2020-06-25 01:53:20] [find_element.py] [lineno:29] [leve:INFO] [message:定位方式：id定位值：register_password]
[2020-06-25 01:53:20] [handle_register.py] [lineno:51] [leve:INFO] [message:图像验证码为：12345]
[2020-06-25 01:53:20] [find_element.py] [lineno:29] [leve:INFO] [message:定位方式：id定位值：captcha_code]
[2020-06-25 01:53:20] [handle_register.py] [lineno:59] [leve:INFO] [message:点击'注册'按钮]
[2020-06-25 01:53:20] [find_element.py] [lineno:29] [leve:INFO] [message:定位方式：id定位值：register-btn]
[2020-06-25 01:53:20] [find_element.py] [lineno:29] [leve:INFO] [message:定位方式：id定位值：register_email-error]
[2020-06-25 01:53:33] [handle_register.py] [lineno:24] [leve:INFO] [message:输入的邮箱地址位：1@1.com]
[2020-06-25 01:53:33] [find_element.py] [lineno:29] [leve:INFO] [message:定位方式：id定位值：register_email]
[2020-06-25 01:53:34] [handle_register.py] [lineno:33] [leve:INFO] [message:输入的username为：]
[2020-06-25 01:53:34] [find_element.py] [lineno:29] [leve:INFO] [message:定位方式：id定位值：register_nickname]
[2020-06-25 01:53:34] [handle_register.py] [lineno:42] [leve:INFO] [message:输入的password为：123456]
[2020-06-25 01:53:34] [find_element.py] [lineno:29] [leve:INFO] [message:定位方式：id定位值：register_password]
[2020-06-25 01:53:34] [handle_register.py] [lineno:51] [leve:INFO] [message:图像验证码为：12345]
[2020-06-25 01:53:34] [find_element.py] [lineno:29] [leve:INFO] [message:定位方式：id定位值：captcha_code]
[2020-06-25 01:53:34] [handle_register.py] [lineno:59] [leve:INFO] [message:点击'注册'按钮]
[2020-06-25 01:53:34] [find_element.py] [lineno:29] [leve:INFO] [message:定位方式：id定位值：register-btn]
[2020-06-25 01:53:34] [find_element.py] [lineno:29] [leve:INFO] [message:定位方式：id定位值：register_nickname-error]
[2020-06-25 01:53:47] [handle_register.py] [lineno:24] [leve:INFO] [message:输入的邮箱地址位：1@1.com]
[2020-06-25 01:53:47] [find_element.py] [lineno:29] [leve:INFO] [message:定位方式：id定位值：register_email]
[2020-06-25 01:53:47] [handle_register.py] [lineno:33] [leve:INFO] [message:输入的username为：qywdzh]
[2020-06-25 01:53:47] [find_element.py] [lineno:29] [leve:INFO] [message:定位方式：id定位值：register_nickname]
[2020-06-25 01:53:47] [handle_register.py] [lineno:42] [leve:INFO] [message:输入的password为：]
[2020-06-25 01:53:47] [find_element.py] [lineno:29] [leve:INFO] [message:定位方式：id定位值：register_password]
[2020-06-25 01:53:48] [handle_register.py] [lineno:51] [leve:INFO] [message:图像验证码为：12345]
[2020-06-25 01:53:48] [find_element.py] [lineno:29] [leve:INFO] [message:定位方式：id定位值：captcha_code]
[2020-06-25 01:53:48] [handle_register.py] [lineno:59] [leve:INFO] [message:点击'注册'按钮]
[2020-06-25 01:53:48] [find_element.py] [lineno:29] [leve:INFO] [message:定位方式：id定位值：register-btn]
[2020-06-25 01:53:48] [find_element.py] [lineno:29] [leve:INFO] [message:定位方式：id定位值：register_password-error]
[2020-06-25 01:54:00] [handle_register.py] [lineno:24] [leve:INFO] [message:输入的邮箱地址位：1@1.com]
[2020-06-25 01:54:00] [find_element.py] [lineno:29] [leve:INFO] [message:定位方式：id定位值：register_email]
[2020-06-25 01:54:00] [handle_register.py] [lineno:33] [leve:INFO] [message:输入的username为：qywdzh]
[2020-06-25 01:54:00] [find_element.py] [lineno:29] [leve:INFO] [message:定位方式：id定位值：register_nickname]
[2020-06-25 01:54:00] [handle_register.py] [lineno:42] [leve:INFO] [message:输入的password为：123456]
[2020-06-25 01:54:00] [find_element.py] [lineno:29] [leve:INFO] [message:定位方式：id定位值：register_password]
[2020-06-25 01:54:00] [handle_register.py] [lineno:51] [leve:INFO] [message:图像验证码为：]
[2020-06-25 01:54:00] [find_element.py] [lineno:29] [leve:INFO] [message:定位方式：id定位值：captcha_code]
[2020-06-25 01:54:00] [handle_register.py] [lineno:59] [leve:INFO] [message:点击'注册'按钮]
[2020-06-25 01:54:00] [find_element.py] [lineno:29] [leve:INFO] [message:定位方式：id定位值：register-btn]
[2020-06-25 01:54:00] [find_element.py] [lineno:29] [leve:INFO] [message:定位方式：id定位值：captcha_code-error]
